[2022-08-22T06:47:01.921Z] Validating found git in: git
[2022-08-22T06:47:01.963Z] Using git 2.25.1 from git
[2022-08-22T12:44:42.379Z] > git rev-parse --git-dir [2ms]
[2022-08-22T12:44:42.389Z] Open repository: /var/www/html/officework/Cue
[2022-08-22T12:44:42.428Z] > git symbolic-ref --short HEAD [1ms]
[2022-08-22T12:44:42.437Z] > git for-each-ref --format=%(refname)%00%(upstream:short)%00%(objectname)%00%(upstream:track) refs/heads/master refs/remotes/master [2ms]
[2022-08-22T12:44:42.456Z] > git remote --verbose [3ms]
[2022-08-22T12:44:42.456Z] > git for-each-ref --sort -committerdate --format %(refname) %(objectname) %(*objectname) [12ms]
[2022-08-22T12:44:42.629Z] > git config --get commit.template [142ms]
[2022-08-22T12:44:42.868Z] > git ls-files --stage -- /var/www/html/officework/Cue/assets/style/style.css [1ms]
[2022-08-22T12:46:40.903Z] > git symbolic-ref --short HEAD [2ms]
[2022-08-22T12:46:40.913Z] > git for-each-ref --format=%(refname)%00%(upstream:short)%00%(objectname)%00%(upstream:track) refs/heads/master refs/remotes/master [1ms]
[2022-08-22T12:46:40.930Z] > git for-each-ref --sort -committerdate --format %(refname) %(objectname) %(*objectname) [10ms]
[2022-08-22T12:46:40.930Z] > git remote --verbose [2ms]
[2022-08-22T12:46:40.961Z] > git ls-files --stage -- /var/www/html/officework/Cue/assets/style/style.css [10ms]
[2022-08-22T12:46:40.964Z] > git config --get commit.template [4ms]
[2022-08-22T13:15:20.684Z] > git ls-files --stage -- /var/www/html/officework/Cue/assets/style/style.css [13ms]
[2022-08-22T13:15:20.701Z] > git symbolic-ref --short HEAD [18ms]
[2022-08-22T13:15:20.711Z] > git cat-file -s b22c8acaf0ea383277a7d4873d929733c4ee4028 [11ms]
[2022-08-22T13:15:20.712Z] > git for-each-ref --format=%(refname)%00%(upstream:short)%00%(objectname)%00%(upstream:track) refs/heads/main refs/remotes/main [2ms]
[2022-08-22T13:15:20.735Z] > git for-each-ref --sort -committerdate --format %(refname) %(objectname) %(*objectname) [14ms]
[2022-08-22T13:15:20.743Z] > git remote --verbose [11ms]
[2022-08-22T13:15:20.760Z] > git config --get commit.template [2ms]
[2022-08-22T13:15:25.789Z] > git symbolic-ref --short HEAD [1ms]
[2022-08-22T13:15:25.797Z] > git for-each-ref --format=%(refname)%00%(upstream:short)%00%(objectname)%00%(upstream:track) refs/heads/main refs/remotes/main [1ms]
[2022-08-22T13:15:25.811Z] > git for-each-ref --sort -committerdate --format %(refname) %(objectname) %(*objectname) [7ms]
[2022-08-22T13:15:25.811Z] > git remote --verbose [1ms]
[2022-08-22T13:15:25.821Z] > git config --get commit.template [1ms]
[2022-08-22T13:15:30.850Z] > git symbolic-ref --short HEAD [2ms]
[2022-08-22T13:15:30.859Z] > git for-each-ref --format=%(refname)%00%(upstream:short)%00%(objectname)%00%(upstream:track) refs/heads/main refs/remotes/main [1ms]
[2022-08-22T13:15:30.874Z] > git for-each-ref --sort -committerdate --format %(refname) %(objectname) %(*objectname) [7ms]
[2022-08-22T13:15:30.875Z] > git remote --verbose [2ms]
[2022-08-22T13:15:30.884Z] > git config --get commit.template [1ms]
[2022-08-22T13:15:35.910Z] > git symbolic-ref --short HEAD [1ms]
[2022-08-22T13:15:35.920Z] > git for-each-ref --format=%(refname)%00%(upstream:short)%00%(objectname)%00%(upstream:track) refs/heads/main refs/remotes/main [2ms]
[2022-08-22T13:15:35.936Z] > git for-each-ref --sort -committerdate --format %(refname) %(objectname) %(*objectname) [9ms]
[2022-08-22T13:15:35.936Z] > git remote --verbose [2ms]
[2022-08-22T13:15:35.946Z] > git config --get commit.template [2ms]
[2022-08-22T13:15:40.972Z] > git symbolic-ref --short HEAD [1ms]
[2022-08-22T13:15:40.980Z] > git for-each-ref --format=%(refname)%00%(upstream:short)%00%(objectname)%00%(upstream:track) refs/heads/main refs/remotes/main [1ms]
[2022-08-22T13:15:40.995Z] > git for-each-ref --sort -committerdate --format %(refname) %(objectname) %(*objectname) [7ms]
[2022-08-22T13:15:40.996Z] > git remote --verbose [2ms]
[2022-08-22T13:15:41.005Z] > git config --get commit.template [1ms]
[2022-08-22T13:15:46.035Z] > git symbolic-ref --short HEAD [2ms]
[2022-08-22T13:15:46.043Z] > git for-each-ref --format=%(refname)%00%(upstream:short)%00%(objectname)%00%(upstream:track) refs/heads/main refs/remotes/main [2ms]
[2022-08-22T13:15:46.058Z] > git for-each-ref --sort -committerdate --format %(refname) %(objectname) %(*objectname) [8ms]
[2022-08-22T13:15:46.059Z] > git remote --verbose [2ms]
[2022-08-22T13:15:46.067Z] > git config --get commit.template [1ms]
[2022-08-22T13:15:51.095Z] > git symbolic-ref --short HEAD [1ms]
[2022-08-22T13:15:51.103Z] > git for-each-ref --format=%(refname)%00%(upstream:short)%00%(objectname)%00%(upstream:track) refs/heads/main refs/remotes/main [2ms]
[2022-08-22T13:15:51.117Z] > git for-each-ref --sort -committerdate --format %(refname) %(objectname) %(*objectname) [7ms]
[2022-08-22T13:15:51.118Z] > git remote --verbose [2ms]
[2022-08-22T13:15:51.126Z] > git config --get commit.template [1ms]
[2022-08-22T13:15:56.153Z] > git symbolic-ref --short HEAD [1ms]
[2022-08-22T13:15:56.162Z] > git for-each-ref --format=%(refname)%00%(upstream:short)%00%(objectname)%00%(upstream:track) refs/heads/main refs/remotes/main [2ms]
[2022-08-22T13:15:56.176Z] > git for-each-ref --sort -committerdate --format %(refname) %(objectname) %(*objectname) [8ms]
[2022-08-22T13:15:56.176Z] > git remote --verbose [1ms]
[2022-08-22T13:15:56.185Z] > git config --get commit.template [1ms]
[2022-08-22T13:16:01.213Z] > git symbolic-ref --short HEAD [2ms]
[2022-08-22T13:16:01.223Z] > git for-each-ref --format=%(refname)%00%(upstream:short)%00%(objectname)%00%(upstream:track) refs/heads/main refs/remotes/main [1ms]
[2022-08-22T13:16:01.237Z] > git for-each-ref --sort -committerdate --format %(refname) %(objectname) %(*objectname) [8ms]
[2022-08-22T13:16:01.237Z] > git remote --verbose [1ms]
[2022-08-22T13:16:01.247Z] > git config --get commit.template [1ms]
[2022-08-22T13:16:06.271Z] > git symbolic-ref --short HEAD [1ms]
[2022-08-22T13:16:06.281Z] > git for-each-ref --format=%(refname)%00%(upstream:short)%00%(objectname)%00%(upstream:track) refs/heads/main refs/remotes/main [1ms]
[2022-08-22T13:16:06.295Z] > git for-each-ref --sort -committerdate --format %(refname) %(objectname) %(*objectname) [8ms]
[2022-08-22T13:16:06.295Z] > git remote --verbose [1ms]
[2022-08-22T13:16:06.305Z] > git config --get commit.template [2ms]
[2022-08-22T13:16:11.331Z] > git symbolic-ref --short HEAD [1ms]
[2022-08-22T13:16:11.340Z] > git for-each-ref --format=%(refname)%00%(upstream:short)%00%(objectname)%00%(upstream:track) refs/heads/main refs/remotes/main [1ms]
[2022-08-22T13:16:11.354Z] > git for-each-ref --sort -committerdate --format %(refname) %(objectname) %(*objectname) [8ms]
[2022-08-22T13:16:11.354Z] > git remote --verbose [1ms]
[2022-08-22T13:16:11.363Z] > git config --get commit.template [1ms]
[2022-08-22T13:16:16.389Z] > git symbolic-ref --short HEAD [1ms]
[2022-08-22T13:16:16.398Z] > git for-each-ref --format=%(refname)%00%(upstream:short)%00%(objectname)%00%(upstream:track) refs/heads/main refs/remotes/main [2ms]
[2022-08-22T13:16:16.413Z] > git for-each-ref --sort -committerdate --format %(refname) %(objectname) %(*objectname) [7ms]
[2022-08-22T13:16:16.413Z] > git remote --verbose [1ms]
[2022-08-22T13:16:16.423Z] > git config --get commit.template [1ms]
[2022-08-22T13:16:21.453Z] > git symbolic-ref --short HEAD [1ms]
[2022-08-22T13:16:21.463Z] > git for-each-ref --format=%(refname)%00%(upstream:short)%00%(objectname)%00%(upstream:track) refs/heads/main refs/remotes/main [2ms]
[2022-08-22T13:16:21.479Z] > git for-each-ref --sort -committerdate --format %(refname) %(objectname) %(*objectname) [8ms]
[2022-08-22T13:16:21.480Z] > git remote --verbose [2ms]
[2022-08-22T13:16:21.488Z] > git config --get commit.template [1ms]
[2022-08-22T13:16:26.514Z] > git symbolic-ref --short HEAD [1ms]
[2022-08-22T13:16:26.522Z] > git for-each-ref --format=%(refname)%00%(upstream:short)%00%(objectname)%00%(upstream:track) refs/heads/main refs/remotes/main [1ms]
[2022-08-22T13:16:26.538Z] > git for-each-ref --sort -committerdate --format %(refname) %(objectname) %(*objectname) [8ms]
[2022-08-22T13:16:26.539Z] > git remote --verbose [2ms]
[2022-08-22T13:16:26.548Z] > git config --get commit.template [2ms]
[2022-08-22T13:16:31.574Z] > git symbolic-ref --short HEAD [1ms]
[2022-08-22T13:16:31.584Z] > git for-each-ref --format=%(refname)%00%(upstream:short)%00%(objectname)%00%(upstream:track) refs/heads/main refs/remotes/main [2ms]
[2022-08-22T13:16:31.598Z] > git for-each-ref --sort -committerdate --format %(refname) %(objectname) %(*objectname) [7ms]
[2022-08-22T13:16:31.598Z] > git remote --verbose [1ms]
[2022-08-22T13:16:31.608Z] > git config --get commit.template [1ms]
[2022-08-22T13:16:36.642Z] > git symbolic-ref --short HEAD [2ms]
[2022-08-22T13:16:36.651Z] > git for-each-ref --format=%(refname)%00%(upstream:short)%00%(objectname)%00%(upstream:track) refs/heads/main refs/remotes/main [2ms]
[2022-08-22T13:16:36.666Z] > git for-each-ref --sort -committerdate --format %(refname) %(objectname) %(*objectname) [9ms]
[2022-08-22T13:16:36.666Z] > git remote --verbose [1ms]
[2022-08-22T13:16:36.678Z] > git config --get commit.template [2ms]
[2022-08-22T13:16:41.705Z] > git symbolic-ref --short HEAD [1ms]
[2022-08-22T13:16:41.715Z] > git for-each-ref --format=%(refname)%00%(upstream:short)%00%(objectname)%00%(upstream:track) refs/heads/main refs/remotes/main [2ms]
[2022-08-22T13:16:41.728Z] > git for-each-ref --sort -committerdate --format %(refname) %(objectname) %(*objectname) [7ms]
[2022-08-22T13:16:41.729Z] > git remote --verbose [1ms]
[2022-08-22T13:16:41.738Z] > git config --get commit.template [1ms]
[2022-08-22T13:16:46.765Z] > git symbolic-ref --short HEAD [2ms]
[2022-08-22T13:16:46.773Z] > git for-each-ref --format=%(refname)%00%(upstream:short)%00%(objectname)%00%(upstream:track) refs/heads/main refs/remotes/main [2ms]
[2022-08-22T13:16:46.789Z] > git for-each-ref --sort -committerdate --format %(refname) %(objectname) %(*objectname) [8ms]
[2022-08-22T13:16:46.789Z] > git remote --verbose [1ms]
[2022-08-22T13:16:46.799Z] > git config --get commit.template [1ms]
[2022-08-22T13:16:51.826Z] > git symbolic-ref --short HEAD [2ms]
[2022-08-22T13:16:51.837Z] > git for-each-ref --format=%(refname)%00%(upstream:short)%00%(objectname)%00%(upstream:track) refs/heads/main refs/remotes/main [3ms]
[2022-08-22T13:16:51.851Z] > git for-each-ref --sort -committerdate --format %(refname) %(objectname) %(*objectname) [7ms]
[2022-08-22T13:16:51.852Z] > git remote --verbose [1ms]
[2022-08-22T13:16:51.863Z] > git config --get commit.template [2ms]
[2022-08-22T13:16:56.892Z] > git symbolic-ref --short HEAD [2ms]
[2022-08-22T13:16:56.900Z] > git for-each-ref --format=%(refname)%00%(upstream:short)%00%(objectname)%00%(upstream:track) refs/heads/main refs/remotes/main [2ms]
[2022-08-22T13:16:56.914Z] > git for-each-ref --sort -committerdate --format %(refname) %(objectname) %(*objectname) [8ms]
[2022-08-22T13:16:56.914Z] > git remote --verbose [1ms]
[2022-08-22T13:16:56.922Z] > git config --get commit.template [1ms]
[2022-08-22T13:17:01.951Z] > git symbolic-ref --short HEAD [1ms]
[2022-08-22T13:17:01.959Z] > git for-each-ref --format=%(refname)%00%(upstream:short)%00%(objectname)%00%(upstream:track) refs/heads/main refs/remotes/main [1ms]
[2022-08-22T13:17:01.973Z] > git for-each-ref --sort -committerdate --format %(refname) %(objectname) %(*objectname) [8ms]
[2022-08-22T13:17:01.973Z] > git remote --verbose [1ms]
[2022-08-22T13:17:01.981Z] > git config --get commit.template [1ms]
[2022-08-22T13:17:07.009Z] > git symbolic-ref --short HEAD [1ms]
[2022-08-22T13:17:07.018Z] > git for-each-ref --format=%(refname)%00%(upstream:short)%00%(objectname)%00%(upstream:track) refs/heads/main refs/remotes/main [2ms]
[2022-08-22T13:17:07.035Z] > git for-each-ref --sort -committerdate --format %(refname) %(objectname) %(*objectname) [9ms]
[2022-08-22T13:17:07.035Z] > git remote --verbose [2ms]
[2022-08-22T13:17:07.044Z] > git config --get commit.template [1ms]
[2022-08-22T13:17:12.071Z] > git symbolic-ref --short HEAD [1ms]
[2022-08-22T13:17:12.079Z] > git for-each-ref --format=%(refname)%00%(upstream:short)%00%(objectname)%00%(upstream:track) refs/heads/main refs/remotes/main [1ms]
[2022-08-22T13:17:12.095Z] > git for-each-ref --sort -committerdate --format %(refname) %(objectname) %(*objectname) [9ms]
[2022-08-22T13:17:12.095Z] > git remote --verbose [1ms]
[2022-08-22T13:17:12.104Z] > git config --get commit.template [1ms]
[2022-08-22T13:17:17.130Z] > git symbolic-ref --short HEAD [3ms]
[2022-08-22T13:17:17.139Z] > git for-each-ref --format=%(refname)%00%(upstream:short)%00%(objectname)%00%(upstream:track) refs/heads/main refs/remotes/main [1ms]
[2022-08-22T13:17:17.155Z] > git for-each-ref --sort -committerdate --format %(refname) %(objectname) %(*objectname) [8ms]
[2022-08-22T13:17:17.156Z] > git remote --verbose [2ms]
[2022-08-22T13:17:17.165Z] > git config --get commit.template [1ms]
[2022-08-22T13:17:22.189Z] > git symbolic-ref --short HEAD [2ms]
[2022-08-22T13:17:22.199Z] > git for-each-ref --format=%(refname)%00%(upstream:short)%00%(objectname)%00%(upstream:track) refs/heads/main refs/remotes/main [2ms]
[2022-08-22T13:17:22.212Z] > git for-each-ref --sort -committerdate --format %(refname) %(objectname) %(*objectname) [7ms]
[2022-08-22T13:17:22.213Z] > git remote --verbose [1ms]
[2022-08-22T13:17:22.221Z] > git config --get commit.template [1ms]
