[2022-08-22T15:33:07.356Z] Validating found git in: git
[2022-08-22T15:33:07.426Z] Using git 2.25.1 from git
[2022-08-22T15:33:07.464Z] > git rev-parse --git-dir [7ms]
[2022-08-22T15:33:07.475Z] Open repository: /var/www/html/officework/Cue
[2022-08-22T15:33:08.180Z] > git symbolic-ref --short HEAD [9ms]
[2022-08-22T15:33:08.203Z] > git for-each-ref --format=%(refname)%00%(upstream:short)%00%(objectname)%00%(upstream:track) refs/heads/main refs/remotes/main [9ms]
[2022-08-22T15:33:08.218Z] > git remote --verbose [2ms]
[2022-08-22T15:33:08.219Z] > git for-each-ref --sort -committerdate --format %(refname) %(objectname) %(*objectname) [10ms]
[2022-08-22T15:33:08.313Z] > git config --get commit.template [30ms]
[2022-08-22T15:33:08.325Z] > git ls-files --stage -- /var/www/html/officework/Cue/assets/style/style.css [53ms]
[2022-08-22T15:33:08.362Z] > git cat-file -s b22c8acaf0ea383277a7d4873d929733c4ee4028 [29ms]
[2022-08-22T15:33:09.739Z] > git symbolic-ref --short HEAD [1ms]
[2022-08-22T15:33:09.745Z] > git for-each-ref --format=%(refname)%00%(upstream:short)%00%(objectname)%00%(upstream:track) refs/heads/main refs/remotes/main [1ms]
[2022-08-22T15:33:09.755Z] > git for-each-ref --sort -committerdate --format %(refname) %(objectname) %(*objectname) [5ms]
[2022-08-22T15:33:09.755Z] > git remote --verbose [1ms]
[2022-08-22T15:33:09.766Z] > git config --get commit.template [2ms]
[2022-08-22T15:33:14.788Z] > git symbolic-ref --short HEAD [1ms]
[2022-08-22T15:33:14.794Z] > git for-each-ref --format=%(refname)%00%(upstream:short)%00%(objectname)%00%(upstream:track) refs/heads/main refs/remotes/main [1ms]
[2022-08-22T15:33:14.804Z] > git for-each-ref --sort -committerdate --format %(refname) %(objectname) %(*objectname) [5ms]
[2022-08-22T15:33:14.805Z] > git remote --verbose [2ms]
[2022-08-22T15:33:14.814Z] > git config --get commit.template [2ms]
[2022-08-22T15:33:19.832Z] > git symbolic-ref --short HEAD [2ms]
[2022-08-22T15:33:19.838Z] > git for-each-ref --format=%(refname)%00%(upstream:short)%00%(objectname)%00%(upstream:track) refs/heads/main refs/remotes/main [2ms]
[2022-08-22T15:33:19.849Z] > git for-each-ref --sort -committerdate --format %(refname) %(objectname) %(*objectname) [6ms]
[2022-08-22T15:33:19.850Z] > git remote --verbose [2ms]
[2022-08-22T15:33:19.859Z] > git config --get commit.template [2ms]
[2022-08-22T15:33:24.883Z] > git symbolic-ref --short HEAD [1ms]
[2022-08-22T15:33:24.889Z] > git for-each-ref --format=%(refname)%00%(upstream:short)%00%(objectname)%00%(upstream:track) refs/heads/main refs/remotes/main [2ms]
[2022-08-22T15:33:24.898Z] > git for-each-ref --sort -committerdate --format %(refname) %(objectname) %(*objectname) [4ms]
[2022-08-22T15:33:24.899Z] > git remote --verbose [2ms]
[2022-08-22T15:33:24.907Z] > git config --get commit.template [1ms]
[2022-08-22T15:33:29.934Z] > git symbolic-ref --short HEAD [1ms]
[2022-08-22T15:33:29.940Z] > git for-each-ref --format=%(refname)%00%(upstream:short)%00%(objectname)%00%(upstream:track) refs/heads/main refs/remotes/main [2ms]
[2022-08-22T15:33:29.952Z] > git for-each-ref --sort -committerdate --format %(refname) %(objectname) %(*objectname) [7ms]
[2022-08-22T15:33:29.955Z] > git remote --verbose [4ms]
[2022-08-22T15:33:29.967Z] > git config --get commit.template [3ms]
[2022-08-22T15:33:34.993Z] > git symbolic-ref --short HEAD [2ms]
[2022-08-22T15:33:34.998Z] > git for-each-ref --format=%(refname)%00%(upstream:short)%00%(objectname)%00%(upstream:track) refs/heads/main refs/remotes/main [2ms]
[2022-08-22T15:33:35.007Z] > git for-each-ref --sort -committerdate --format %(refname) %(objectname) %(*objectname) [6ms]
[2022-08-22T15:33:35.007Z] > git remote --verbose [2ms]
[2022-08-22T15:33:35.017Z] > git config --get commit.template [2ms]
[2022-08-22T15:33:36.095Z] > git ls-files --stage -- /var/www/html/officework/Cue/index.html [86ms]
[2022-08-22T15:33:36.109Z] > git cat-file -s 37ef67662d7287ed14df88c480d237f99307b8fe [5ms]
[2022-08-22T15:33:40.039Z] > git symbolic-ref --short HEAD [2ms]
[2022-08-22T15:33:40.045Z] > git for-each-ref --format=%(refname)%00%(upstream:short)%00%(objectname)%00%(upstream:track) refs/heads/main refs/remotes/main [1ms]
[2022-08-22T15:33:40.057Z] > git for-each-ref --sort -committerdate --format %(refname) %(objectname) %(*objectname) [6ms]
[2022-08-22T15:33:40.058Z] > git remote --verbose [2ms]
[2022-08-22T15:33:40.069Z] > git config --get commit.template [3ms]
[2022-08-22T15:37:14.398Z] > git symbolic-ref --short HEAD [2ms]
[2022-08-22T15:37:14.408Z] > git for-each-ref --format=%(refname)%00%(upstream:short)%00%(objectname)%00%(upstream:track) refs/heads/main refs/remotes/main [3ms]
[2022-08-22T15:37:14.422Z] > git for-each-ref --sort -committerdate --format %(refname) %(objectname) %(*objectname) [7ms]
[2022-08-22T15:37:14.423Z] > git remote --verbose [2ms]
[2022-08-22T15:37:14.436Z] > git config --get commit.template [2ms]
[2022-08-22T15:37:19.461Z] > git symbolic-ref --short HEAD [2ms]
[2022-08-22T15:37:19.466Z] > git for-each-ref --format=%(refname)%00%(upstream:short)%00%(objectname)%00%(upstream:track) refs/heads/main refs/remotes/main [1ms]
[2022-08-22T15:37:19.477Z] > git for-each-ref --sort -committerdate --format %(refname) %(objectname) %(*objectname) [6ms]
[2022-08-22T15:37:19.477Z] > git remote --verbose [1ms]
[2022-08-22T15:37:19.485Z] > git config --get commit.template [1ms]
[2022-08-22T15:37:24.514Z] > git symbolic-ref --short HEAD [2ms]
[2022-08-22T15:37:24.521Z] > git for-each-ref --format=%(refname)%00%(upstream:short)%00%(objectname)%00%(upstream:track) refs/heads/main refs/remotes/main [1ms]
[2022-08-22T15:37:24.536Z] > git for-each-ref --sort -committerdate --format %(refname) %(objectname) %(*objectname) [9ms]
[2022-08-22T15:37:24.536Z] > git remote --verbose [2ms]
[2022-08-22T15:37:24.546Z] > git config --get commit.template [2ms]
[2022-08-22T15:37:29.574Z] > git symbolic-ref --short HEAD [2ms]
[2022-08-22T15:37:29.582Z] > git for-each-ref --format=%(refname)%00%(upstream:short)%00%(objectname)%00%(upstream:track) refs/heads/main refs/remotes/main [2ms]
[2022-08-22T15:37:29.593Z] > git for-each-ref --sort -committerdate --format %(refname) %(objectname) %(*objectname) [6ms]
[2022-08-22T15:37:29.593Z] > git remote --verbose [1ms]
[2022-08-22T15:37:29.601Z] > git config --get commit.template [1ms]
[2022-08-22T15:37:34.623Z] > git symbolic-ref --short HEAD [1ms]
[2022-08-22T15:37:34.630Z] > git for-each-ref --format=%(refname)%00%(upstream:short)%00%(objectname)%00%(upstream:track) refs/heads/main refs/remotes/main [2ms]
[2022-08-22T15:37:34.640Z] > git for-each-ref --sort -committerdate --format %(refname) %(objectname) %(*objectname) [6ms]
[2022-08-22T15:37:34.640Z] > git remote --verbose [1ms]
[2022-08-22T15:37:34.649Z] > git config --get commit.template [2ms]
[2022-08-22T15:37:39.675Z] > git symbolic-ref --short HEAD [2ms]
[2022-08-22T15:37:39.683Z] > git for-each-ref --format=%(refname)%00%(upstream:short)%00%(objectname)%00%(upstream:track) refs/heads/main refs/remotes/main [2ms]
[2022-08-22T15:37:39.694Z] > git for-each-ref --sort -committerdate --format %(refname) %(objectname) %(*objectname) [5ms]
[2022-08-22T15:37:39.695Z] > git remote --verbose [1ms]
[2022-08-22T15:37:39.703Z] > git config --get commit.template [1ms]
[2022-08-22T15:37:44.726Z] > git symbolic-ref --short HEAD [1ms]
[2022-08-22T15:37:44.732Z] > git for-each-ref --format=%(refname)%00%(upstream:short)%00%(objectname)%00%(upstream:track) refs/heads/main refs/remotes/main [1ms]
[2022-08-22T15:37:44.742Z] > git for-each-ref --sort -committerdate --format %(refname) %(objectname) %(*objectname) [5ms]
[2022-08-22T15:37:44.743Z] > git remote --verbose [2ms]
[2022-08-22T15:37:44.754Z] > git config --get commit.template [2ms]
[2022-08-22T15:37:49.771Z] > git symbolic-ref --short HEAD [1ms]
[2022-08-22T15:37:49.777Z] > git for-each-ref --format=%(refname)%00%(upstream:short)%00%(objectname)%00%(upstream:track) refs/heads/main refs/remotes/main [1ms]
[2022-08-22T15:37:49.790Z] > git remote --verbose [3ms]
[2022-08-22T15:37:49.791Z] > git for-each-ref --sort -committerdate --format %(refname) %(objectname) %(*objectname) [9ms]
[2022-08-22T15:37:49.801Z] > git config --get commit.template [1ms]
[2022-08-22T15:37:54.825Z] > git symbolic-ref --short HEAD [1ms]
[2022-08-22T15:37:54.831Z] > git for-each-ref --format=%(refname)%00%(upstream:short)%00%(objectname)%00%(upstream:track) refs/heads/main refs/remotes/main [2ms]
[2022-08-22T15:37:54.841Z] > git for-each-ref --sort -committerdate --format %(refname) %(objectname) %(*objectname) [5ms]
[2022-08-22T15:37:54.842Z] > git remote --verbose [2ms]
[2022-08-22T15:37:54.852Z] > git config --get commit.template [2ms]
[2022-08-22T15:37:59.870Z] > git symbolic-ref --short HEAD [1ms]
[2022-08-22T15:37:59.878Z] > git for-each-ref --format=%(refname)%00%(upstream:short)%00%(objectname)%00%(upstream:track) refs/heads/main refs/remotes/main [1ms]
[2022-08-22T15:37:59.889Z] > git for-each-ref --sort -committerdate --format %(refname) %(objectname) %(*objectname) [6ms]
[2022-08-22T15:37:59.889Z] > git remote --verbose [1ms]
[2022-08-22T15:37:59.897Z] > git config --get commit.template [2ms]
[2022-08-22T15:38:04.916Z] > git symbolic-ref --short HEAD [2ms]
[2022-08-22T15:38:04.922Z] > git for-each-ref --format=%(refname)%00%(upstream:short)%00%(objectname)%00%(upstream:track) refs/heads/main refs/remotes/main [2ms]
[2022-08-22T15:38:04.935Z] > git for-each-ref --sort -committerdate --format %(refname) %(objectname) %(*objectname) [8ms]
[2022-08-22T15:38:04.935Z] > git remote --verbose [1ms]
[2022-08-22T15:38:04.943Z] > git config --get commit.template [2ms]
[2022-08-22T15:38:09.964Z] > git symbolic-ref --short HEAD [1ms]
[2022-08-22T15:38:09.972Z] > git for-each-ref --format=%(refname)%00%(upstream:short)%00%(objectname)%00%(upstream:track) refs/heads/main refs/remotes/main [2ms]
[2022-08-22T15:38:09.983Z] > git for-each-ref --sort -committerdate --format %(refname) %(objectname) %(*objectname) [5ms]
[2022-08-22T15:38:09.984Z] > git remote --verbose [1ms]
[2022-08-22T15:38:09.995Z] > git config --get commit.template [2ms]
[2022-08-22T15:38:15.018Z] > git symbolic-ref --short HEAD [1ms]
[2022-08-22T15:38:15.025Z] > git for-each-ref --format=%(refname)%00%(upstream:short)%00%(objectname)%00%(upstream:track) refs/heads/main refs/remotes/main [1ms]
[2022-08-22T15:38:15.035Z] > git for-each-ref --sort -committerdate --format %(refname) %(objectname) %(*objectname) [6ms]
[2022-08-22T15:38:15.035Z] > git remote --verbose [1ms]
[2022-08-22T15:38:15.043Z] > git config --get commit.template [1ms]
[2022-08-22T15:38:20.071Z] > git symbolic-ref --short HEAD [2ms]
[2022-08-22T15:38:20.079Z] > git for-each-ref --format=%(refname)%00%(upstream:short)%00%(objectname)%00%(upstream:track) refs/heads/main refs/remotes/main [2ms]
[2022-08-22T15:38:20.092Z] > git for-each-ref --sort -committerdate --format %(refname) %(objectname) %(*objectname) [7ms]
[2022-08-22T15:38:20.092Z] > git remote --verbose [1ms]
[2022-08-22T15:38:20.102Z] > git config --get commit.template [2ms]
[2022-08-22T15:38:25.128Z] > git symbolic-ref --short HEAD [2ms]
[2022-08-22T15:38:25.135Z] > git for-each-ref --format=%(refname)%00%(upstream:short)%00%(objectname)%00%(upstream:track) refs/heads/main refs/remotes/main [1ms]
[2022-08-22T15:38:25.148Z] > git for-each-ref --sort -committerdate --format %(refname) %(objectname) %(*objectname) [7ms]
[2022-08-22T15:38:25.148Z] > git remote --verbose [1ms]
[2022-08-22T15:38:25.156Z] > git config --get commit.template [1ms]
[2022-08-22T15:38:30.180Z] > git symbolic-ref --short HEAD [2ms]
[2022-08-22T15:38:30.189Z] > git for-each-ref --format=%(refname)%00%(upstream:short)%00%(objectname)%00%(upstream:track) refs/heads/main refs/remotes/main [2ms]
[2022-08-22T15:38:30.201Z] > git for-each-ref --sort -committerdate --format %(refname) %(objectname) %(*objectname) [6ms]
[2022-08-22T15:38:30.202Z] > git remote --verbose [2ms]
[2022-08-22T15:38:30.225Z] > git config --get commit.template [15ms]
[2022-08-22T15:38:39.500Z] > git symbolic-ref --short HEAD [1ms]
[2022-08-22T15:38:39.507Z] > git for-each-ref --format=%(refname)%00%(upstream:short)%00%(objectname)%00%(upstream:track) refs/heads/main refs/remotes/main [2ms]
[2022-08-22T15:38:39.521Z] > git for-each-ref --sort -committerdate --format %(refname) %(objectname) %(*objectname) [7ms]
[2022-08-22T15:38:39.521Z] > git remote --verbose [1ms]
[2022-08-22T15:38:39.531Z] > git config --get commit.template [2ms]
[2022-08-22T15:38:44.554Z] > git symbolic-ref --short HEAD [2ms]
[2022-08-22T15:38:44.560Z] > git for-each-ref --format=%(refname)%00%(upstream:short)%00%(objectname)%00%(upstream:track) refs/heads/main refs/remotes/main [1ms]
[2022-08-22T15:38:44.573Z] > git for-each-ref --sort -committerdate --format %(refname) %(objectname) %(*objectname) [7ms]
[2022-08-22T15:38:44.573Z] > git remote --verbose [1ms]
[2022-08-22T15:38:44.586Z] > git config --get commit.template [2ms]
[2022-08-22T15:38:46.261Z] > git ls-files --stage -- /var/www/html/officework/Cue/assets/style/style.css [3ms]
[2022-08-22T15:38:46.267Z] > git cat-file -s b22c8acaf0ea383277a7d4873d929733c4ee4028 [1ms]
[2022-08-22T15:38:49.612Z] > git symbolic-ref --short HEAD [2ms]
[2022-08-22T15:38:49.622Z] > git for-each-ref --format=%(refname)%00%(upstream:short)%00%(objectname)%00%(upstream:track) refs/heads/main refs/remotes/main [1ms]
[2022-08-22T15:38:49.641Z] > git for-each-ref --sort -committerdate --format %(refname) %(objectname) %(*objectname) [12ms]
[2022-08-22T15:38:49.641Z] > git remote --verbose [6ms]
[2022-08-22T15:38:49.655Z] > git config --get commit.template [1ms]
[2022-08-22T15:38:54.697Z] > git symbolic-ref --short HEAD [1ms]
[2022-08-22T15:38:54.706Z] > git for-each-ref --format=%(refname)%00%(upstream:short)%00%(objectname)%00%(upstream:track) refs/heads/main refs/remotes/main [3ms]
[2022-08-22T15:38:54.719Z] > git for-each-ref --sort -committerdate --format %(refname) %(objectname) %(*objectname) [8ms]
[2022-08-22T15:38:54.719Z] > git remote --verbose [2ms]
[2022-08-22T15:38:54.730Z] > git config --get commit.template [3ms]
[2022-08-22T15:38:59.756Z] > git symbolic-ref --short HEAD [2ms]
[2022-08-22T15:38:59.765Z] > git for-each-ref --format=%(refname)%00%(upstream:short)%00%(objectname)%00%(upstream:track) refs/heads/main refs/remotes/main [1ms]
[2022-08-22T15:38:59.779Z] > git for-each-ref --sort -committerdate --format %(refname) %(objectname) %(*objectname) [7ms]
[2022-08-22T15:38:59.779Z] > git remote --verbose [1ms]
[2022-08-22T15:38:59.789Z] > git config --get commit.template [2ms]
[2022-08-22T15:39:03.794Z] > git ls-files --stage -- /var/www/html/officework/Cue/index.html [1ms]
[2022-08-22T15:39:03.801Z] > git cat-file -s 37ef67662d7287ed14df88c480d237f99307b8fe [1ms]
[2022-08-22T15:39:04.813Z] > git symbolic-ref --short HEAD [1ms]
[2022-08-22T15:39:04.821Z] > git for-each-ref --format=%(refname)%00%(upstream:short)%00%(objectname)%00%(upstream:track) refs/heads/main refs/remotes/main [2ms]
[2022-08-22T15:39:04.836Z] > git for-each-ref --sort -committerdate --format %(refname) %(objectname) %(*objectname) [7ms]
[2022-08-22T15:39:04.837Z] > git remote --verbose [2ms]
[2022-08-22T15:39:04.848Z] > git config --get commit.template [2ms]
[2022-08-22T15:39:15.906Z] > git symbolic-ref --short HEAD [0ms]
[2022-08-22T15:39:15.915Z] > git for-each-ref --format=%(refname)%00%(upstream:short)%00%(objectname)%00%(upstream:track) refs/heads/main refs/remotes/main [2ms]
[2022-08-22T15:39:15.930Z] > git for-each-ref --sort -committerdate --format %(refname) %(objectname) %(*objectname) [9ms]
[2022-08-22T15:39:15.931Z] > git remote --verbose [2ms]
[2022-08-22T15:39:15.940Z] > git config --get commit.template [1ms]
[2022-08-22T15:39:45.604Z] > git symbolic-ref --short HEAD [1ms]
[2022-08-22T15:39:45.611Z] > git for-each-ref --format=%(refname)%00%(upstream:short)%00%(objectname)%00%(upstream:track) refs/heads/main refs/remotes/main [2ms]
[2022-08-22T15:39:45.624Z] > git for-each-ref --sort -committerdate --format %(refname) %(objectname) %(*objectname) [7ms]
[2022-08-22T15:39:45.624Z] > git remote --verbose [1ms]
[2022-08-22T15:39:45.633Z] > git config --get commit.template [2ms]
[2022-08-22T15:39:50.656Z] > git symbolic-ref --short HEAD [1ms]
[2022-08-22T15:39:50.663Z] > git for-each-ref --format=%(refname)%00%(upstream:short)%00%(objectname)%00%(upstream:track) refs/heads/main refs/remotes/main [2ms]
[2022-08-22T15:39:50.674Z] > git for-each-ref --sort -committerdate --format %(refname) %(objectname) %(*objectname) [6ms]
[2022-08-22T15:39:50.674Z] > git remote --verbose [1ms]
[2022-08-22T15:39:50.683Z] > git config --get commit.template [2ms]
[2022-08-22T15:39:55.707Z] > git symbolic-ref --short HEAD [2ms]
[2022-08-22T15:39:55.715Z] > git for-each-ref --format=%(refname)%00%(upstream:short)%00%(objectname)%00%(upstream:track) refs/heads/main refs/remotes/main [3ms]
[2022-08-22T15:39:55.727Z] > git for-each-ref --sort -committerdate --format %(refname) %(objectname) %(*objectname) [6ms]
[2022-08-22T15:39:55.727Z] > git remote --verbose [1ms]
[2022-08-22T15:39:55.739Z] > git config --get commit.template [3ms]
[2022-08-22T15:40:18.952Z] > git symbolic-ref --short HEAD [1ms]
[2022-08-22T15:40:18.959Z] > git for-each-ref --format=%(refname)%00%(upstream:short)%00%(objectname)%00%(upstream:track) refs/heads/main refs/remotes/main [1ms]
[2022-08-22T15:40:18.971Z] > git for-each-ref --sort -committerdate --format %(refname) %(objectname) %(*objectname) [6ms]
[2022-08-22T15:40:18.972Z] > git remote --verbose [2ms]
[2022-08-22T15:40:18.984Z] > git config --get commit.template [2ms]
[2022-08-22T15:40:24.009Z] > git symbolic-ref --short HEAD [2ms]
[2022-08-22T15:40:24.016Z] > git for-each-ref --format=%(refname)%00%(upstream:short)%00%(objectname)%00%(upstream:track) refs/heads/main refs/remotes/main [2ms]
[2022-08-22T15:40:24.028Z] > git for-each-ref --sort -committerdate --format %(refname) %(objectname) %(*objectname) [6ms]
[2022-08-22T15:40:24.028Z] > git remote --verbose [1ms]
[2022-08-22T15:40:24.036Z] > git config --get commit.template [1ms]
[2022-08-22T15:40:29.061Z] > git symbolic-ref --short HEAD [1ms]
[2022-08-22T15:40:29.067Z] > git for-each-ref --format=%(refname)%00%(upstream:short)%00%(objectname)%00%(upstream:track) refs/heads/main refs/remotes/main [1ms]
[2022-08-22T15:40:29.078Z] > git for-each-ref --sort -committerdate --format %(refname) %(objectname) %(*objectname) [6ms]
[2022-08-22T15:40:29.079Z] > git remote --verbose [2ms]
[2022-08-22T15:40:29.087Z] > git config --get commit.template [2ms]
[2022-08-22T15:40:37.135Z] > git symbolic-ref --short HEAD [1ms]
[2022-08-22T15:40:37.144Z] > git for-each-ref --format=%(refname)%00%(upstream:short)%00%(objectname)%00%(upstream:track) refs/heads/main refs/remotes/main [1ms]
[2022-08-22T15:40:37.156Z] > git for-each-ref --sort -committerdate --format %(refname) %(objectname) %(*objectname) [7ms]
[2022-08-22T15:40:37.157Z] > git remote --verbose [2ms]
[2022-08-22T15:40:37.169Z] > git config --get commit.template [2ms]
[2022-08-22T15:41:40.060Z] > git symbolic-ref --short HEAD [3ms]
[2022-08-22T15:41:40.069Z] > git for-each-ref --format=%(refname)%00%(upstream:short)%00%(objectname)%00%(upstream:track) refs/heads/main refs/remotes/main [2ms]
[2022-08-22T15:41:40.083Z] > git for-each-ref --sort -committerdate --format %(refname) %(objectname) %(*objectname) [8ms]
[2022-08-22T15:41:40.083Z] > git remote --verbose [2ms]
[2022-08-22T15:41:40.097Z] > git config --get commit.template [2ms]
[2022-08-22T15:41:45.124Z] > git symbolic-ref --short HEAD [2ms]
[2022-08-22T15:41:45.133Z] > git for-each-ref --format=%(refname)%00%(upstream:short)%00%(objectname)%00%(upstream:track) refs/heads/main refs/remotes/main [2ms]
[2022-08-22T15:41:45.148Z] > git for-each-ref --sort -committerdate --format %(refname) %(objectname) %(*objectname) [8ms]
[2022-08-22T15:41:45.149Z] > git remote --verbose [2ms]
[2022-08-22T15:41:45.161Z] > git config --get commit.template [1ms]
[2022-08-22T15:41:50.185Z] > git symbolic-ref --short HEAD [1ms]
[2022-08-22T15:41:50.192Z] > git for-each-ref --format=%(refname)%00%(upstream:short)%00%(objectname)%00%(upstream:track) refs/heads/main refs/remotes/main [2ms]
[2022-08-22T15:41:50.203Z] > git for-each-ref --sort -committerdate --format %(refname) %(objectname) %(*objectname) [6ms]
[2022-08-22T15:41:50.203Z] > git remote --verbose [1ms]
[2022-08-22T15:41:50.211Z] > git config --get commit.template [1ms]
[2022-08-22T15:41:55.236Z] > git symbolic-ref --short HEAD [1ms]
[2022-08-22T15:41:55.243Z] > git for-each-ref --format=%(refname)%00%(upstream:short)%00%(objectname)%00%(upstream:track) refs/heads/main refs/remotes/main [2ms]
[2022-08-22T15:41:55.254Z] > git for-each-ref --sort -committerdate --format %(refname) %(objectname) %(*objectname) [6ms]
[2022-08-22T15:41:55.254Z] > git remote --verbose [1ms]
[2022-08-22T15:41:55.263Z] > git config --get commit.template [1ms]
[2022-08-22T15:42:00.286Z] > git symbolic-ref --short HEAD [2ms]
[2022-08-22T15:42:00.292Z] > git for-each-ref --format=%(refname)%00%(upstream:short)%00%(objectname)%00%(upstream:track) refs/heads/main refs/remotes/main [1ms]
[2022-08-22T15:42:00.303Z] > git for-each-ref --sort -committerdate --format %(refname) %(objectname) %(*objectname) [6ms]
[2022-08-22T15:42:00.303Z] > git remote --verbose [1ms]
[2022-08-22T15:42:00.311Z] > git config --get commit.template [1ms]
[2022-08-22T15:42:05.332Z] > git symbolic-ref --short HEAD [1ms]
[2022-08-22T15:42:05.340Z] > git for-each-ref --format=%(refname)%00%(upstream:short)%00%(objectname)%00%(upstream:track) refs/heads/main refs/remotes/main [2ms]
[2022-08-22T15:42:05.354Z] > git remote --verbose [2ms]
[2022-08-22T15:42:05.354Z] > git for-each-ref --sort -committerdate --format %(refname) %(objectname) %(*objectname) [8ms]
[2022-08-22T15:42:05.367Z] > git config --get commit.template [2ms]
[2022-08-22T15:42:10.548Z] > git symbolic-ref --short HEAD [1ms]
[2022-08-22T15:42:10.555Z] > git for-each-ref --format=%(refname)%00%(upstream:short)%00%(objectname)%00%(upstream:track) refs/heads/main refs/remotes/main [1ms]
[2022-08-22T15:42:10.568Z] > git for-each-ref --sort -committerdate --format %(refname) %(objectname) %(*objectname) [8ms]
[2022-08-22T15:42:10.568Z] > git remote --verbose [1ms]
[2022-08-22T15:42:10.577Z] > git config --get commit.template [1ms]
[2022-08-22T15:42:15.599Z] > git symbolic-ref --short HEAD [1ms]
[2022-08-22T15:42:15.606Z] > git for-each-ref --format=%(refname)%00%(upstream:short)%00%(objectname)%00%(upstream:track) refs/heads/main refs/remotes/main [2ms]
[2022-08-22T15:42:15.620Z] > git for-each-ref --sort -committerdate --format %(refname) %(objectname) %(*objectname) [7ms]
[2022-08-22T15:42:15.621Z] > git remote --verbose [2ms]
[2022-08-22T15:42:15.629Z] > git config --get commit.template [1ms]
[2022-08-22T15:42:20.656Z] > git symbolic-ref --short HEAD [2ms]
[2022-08-22T15:42:20.664Z] > git for-each-ref --format=%(refname)%00%(upstream:short)%00%(objectname)%00%(upstream:track) refs/heads/main refs/remotes/main [2ms]
[2022-08-22T15:42:20.677Z] > git for-each-ref --sort -committerdate --format %(refname) %(objectname) %(*objectname) [8ms]
[2022-08-22T15:42:20.677Z] > git remote --verbose [1ms]
[2022-08-22T15:42:20.686Z] > git config --get commit.template [1ms]
[2022-08-22T15:42:25.713Z] > git symbolic-ref --short HEAD [2ms]
[2022-08-22T15:42:25.719Z] > git for-each-ref --format=%(refname)%00%(upstream:short)%00%(objectname)%00%(upstream:track) refs/heads/main refs/remotes/main [1ms]
[2022-08-22T15:42:25.730Z] > git for-each-ref --sort -committerdate --format %(refname) %(objectname) %(*objectname) [6ms]
[2022-08-22T15:42:25.731Z] > git remote --verbose [2ms]
[2022-08-22T15:42:25.740Z] > git config --get commit.template [2ms]
[2022-08-22T15:42:30.763Z] > git symbolic-ref --short HEAD [2ms]
[2022-08-22T15:42:30.770Z] > git for-each-ref --format=%(refname)%00%(upstream:short)%00%(objectname)%00%(upstream:track) refs/heads/main refs/remotes/main [2ms]
[2022-08-22T15:42:30.784Z] > git for-each-ref --sort -committerdate --format %(refname) %(objectname) %(*objectname) [7ms]
[2022-08-22T15:42:30.784Z] > git remote --verbose [1ms]
[2022-08-22T15:42:30.795Z] > git config --get commit.template [2ms]
[2022-08-22T15:43:33.394Z] > git symbolic-ref --short HEAD [2ms]
[2022-08-22T15:43:33.404Z] > git for-each-ref --format=%(refname)%00%(upstream:short)%00%(objectname)%00%(upstream:track) refs/heads/main refs/remotes/main [2ms]
[2022-08-22T15:43:33.416Z] > git for-each-ref --sort -committerdate --format %(refname) %(objectname) %(*objectname) [7ms]
[2022-08-22T15:43:33.417Z] > git remote --verbose [2ms]
[2022-08-22T15:43:33.428Z] > git config --get commit.template [2ms]
[2022-08-22T15:43:38.452Z] > git symbolic-ref --short HEAD [1ms]
[2022-08-22T15:43:38.459Z] > git for-each-ref --format=%(refname)%00%(upstream:short)%00%(objectname)%00%(upstream:track) refs/heads/main refs/remotes/main [2ms]
[2022-08-22T15:43:38.471Z] > git for-each-ref --sort -committerdate --format %(refname) %(objectname) %(*objectname) [7ms]
[2022-08-22T15:43:38.471Z] > git remote --verbose [1ms]
[2022-08-22T15:43:38.480Z] > git config --get commit.template [2ms]
[2022-08-22T15:43:43.503Z] > git symbolic-ref --short HEAD [1ms]
[2022-08-22T15:43:43.510Z] > git for-each-ref --format=%(refname)%00%(upstream:short)%00%(objectname)%00%(upstream:track) refs/heads/main refs/remotes/main [1ms]
[2022-08-22T15:43:43.523Z] > git for-each-ref --sort -committerdate --format %(refname) %(objectname) %(*objectname) [7ms]
[2022-08-22T15:43:43.523Z] > git remote --verbose [1ms]
[2022-08-22T15:43:43.533Z] > git config --get commit.template [2ms]
[2022-08-22T15:43:48.562Z] > git symbolic-ref --short HEAD [2ms]
[2022-08-22T15:43:48.568Z] > git for-each-ref --format=%(refname)%00%(upstream:short)%00%(objectname)%00%(upstream:track) refs/heads/main refs/remotes/main [1ms]
[2022-08-22T15:43:48.583Z] > git for-each-ref --sort -committerdate --format %(refname) %(objectname) %(*objectname) [8ms]
[2022-08-22T15:43:48.583Z] > git remote --verbose [2ms]
[2022-08-22T15:43:48.595Z] > git config --get commit.template [2ms]
[2022-08-22T15:43:53.624Z] > git symbolic-ref --short HEAD [2ms]
[2022-08-22T15:43:53.634Z] > git for-each-ref --format=%(refname)%00%(upstream:short)%00%(objectname)%00%(upstream:track) refs/heads/main refs/remotes/main [2ms]
[2022-08-22T15:43:53.651Z] > git for-each-ref --sort -committerdate --format %(refname) %(objectname) %(*objectname) [9ms]
[2022-08-22T15:43:53.652Z] > git remote --verbose [2ms]
[2022-08-22T15:43:53.661Z] > git config --get commit.template [1ms]
[2022-08-22T15:43:58.743Z] > git symbolic-ref --short HEAD [1ms]
[2022-08-22T15:43:58.752Z] > git for-each-ref --format=%(refname)%00%(upstream:short)%00%(objectname)%00%(upstream:track) refs/heads/main refs/remotes/main [2ms]
[2022-08-22T15:43:58.765Z] > git for-each-ref --sort -committerdate --format %(refname) %(objectname) %(*objectname) [8ms]
[2022-08-22T15:43:58.766Z] > git remote --verbose [2ms]
[2022-08-22T15:43:58.775Z] > git config --get commit.template [1ms]
[2022-08-22T15:44:03.057Z] > git ls-files --stage -- /var/www/html/officework/Cue/assets/style/style.css [1ms]
[2022-08-22T15:44:03.064Z] > git cat-file -s b22c8acaf0ea383277a7d4873d929733c4ee4028 [2ms]
[2022-08-22T15:44:03.801Z] > git symbolic-ref --short HEAD [1ms]
[2022-08-22T15:44:03.809Z] > git for-each-ref --format=%(refname)%00%(upstream:short)%00%(objectname)%00%(upstream:track) refs/heads/main refs/remotes/main [1ms]
[2022-08-22T15:44:03.820Z] > git for-each-ref --sort -committerdate --format %(refname) %(objectname) %(*objectname) [6ms]
[2022-08-22T15:44:03.821Z] > git remote --verbose [2ms]
[2022-08-22T15:44:03.829Z] > git config --get commit.template [1ms]
[2022-08-22T15:44:08.874Z] > git symbolic-ref --short HEAD [2ms]
[2022-08-22T15:44:08.885Z] > git for-each-ref --format=%(refname)%00%(upstream:short)%00%(objectname)%00%(upstream:track) refs/heads/main refs/remotes/main [4ms]
[2022-08-22T15:44:08.905Z] > git for-each-ref --sort -committerdate --format %(refname) %(objectname) %(*objectname) [11ms]
[2022-08-22T15:44:08.906Z] > git remote --verbose [3ms]
[2022-08-22T15:44:08.942Z] > git config --get commit.template [25ms]
[2022-08-22T15:44:13.968Z] > git symbolic-ref --short HEAD [1ms]
[2022-08-22T15:44:13.979Z] > git for-each-ref --format=%(refname)%00%(upstream:short)%00%(objectname)%00%(upstream:track) refs/heads/main refs/remotes/main [2ms]
[2022-08-22T15:44:13.995Z] > git for-each-ref --sort -committerdate --format %(refname) %(objectname) %(*objectname) [9ms]
[2022-08-22T15:44:13.996Z] > git remote --verbose [3ms]
[2022-08-22T15:44:14.007Z] > git config --get commit.template [2ms]
[2022-08-22T15:44:14.338Z] > git ls-files --stage -- /var/www/html/officework/Cue/index.html [1ms]
[2022-08-22T15:44:14.345Z] > git cat-file -s 37ef67662d7287ed14df88c480d237f99307b8fe [2ms]
[2022-08-22T15:44:19.029Z] > git symbolic-ref --short HEAD [2ms]
[2022-08-22T15:44:19.038Z] > git for-each-ref --format=%(refname)%00%(upstream:short)%00%(objectname)%00%(upstream:track) refs/heads/main refs/remotes/main [2ms]
[2022-08-22T15:44:19.049Z] > git for-each-ref --sort -committerdate --format %(refname) %(objectname) %(*objectname) [6ms]
[2022-08-22T15:44:19.050Z] > git remote --verbose [2ms]
[2022-08-22T15:44:19.058Z] > git config --get commit.template [1ms]
[2022-08-22T15:45:12.179Z] > git symbolic-ref --short HEAD [1ms]
[2022-08-22T15:45:12.187Z] > git for-each-ref --format=%(refname)%00%(upstream:short)%00%(objectname)%00%(upstream:track) refs/heads/main refs/remotes/main [2ms]
[2022-08-22T15:45:12.199Z] > git for-each-ref --sort -committerdate --format %(refname) %(objectname) %(*objectname) [7ms]
[2022-08-22T15:45:12.199Z] > git remote --verbose [1ms]
[2022-08-22T15:45:12.208Z] > git config --get commit.template [1ms]
[2022-08-22T15:45:17.225Z] > git symbolic-ref --short HEAD [1ms]
[2022-08-22T15:45:17.233Z] > git for-each-ref --format=%(refname)%00%(upstream:short)%00%(objectname)%00%(upstream:track) refs/heads/main refs/remotes/main [2ms]
[2022-08-22T15:45:17.244Z] > git for-each-ref --sort -committerdate --format %(refname) %(objectname) %(*objectname) [6ms]
[2022-08-22T15:45:17.245Z] > git remote --verbose [2ms]
[2022-08-22T15:45:17.254Z] > git config --get commit.template [2ms]
[2022-08-22T15:45:19.258Z] > git ls-files --stage -- /var/www/html/officework/Cue/assets/style/style.css [1ms]
[2022-08-22T15:45:19.267Z] > git cat-file -s b22c8acaf0ea383277a7d4873d929733c4ee4028 [2ms]
[2022-08-22T15:45:22.277Z] > git symbolic-ref --short HEAD [2ms]
[2022-08-22T15:45:22.285Z] > git for-each-ref --format=%(refname)%00%(upstream:short)%00%(objectname)%00%(upstream:track) refs/heads/main refs/remotes/main [2ms]
[2022-08-22T15:45:22.297Z] > git for-each-ref --sort -committerdate --format %(refname) %(objectname) %(*objectname) [7ms]
[2022-08-22T15:45:22.298Z] > git remote --verbose [2ms]
[2022-08-22T15:45:22.306Z] > git config --get commit.template [1ms]
[2022-08-22T15:45:38.028Z] > git symbolic-ref --short HEAD [2ms]
[2022-08-22T15:45:38.037Z] > git for-each-ref --format=%(refname)%00%(upstream:short)%00%(objectname)%00%(upstream:track) refs/heads/main refs/remotes/main [2ms]
[2022-08-22T15:45:38.049Z] > git for-each-ref --sort -committerdate --format %(refname) %(objectname) %(*objectname) [7ms]
[2022-08-22T15:45:38.050Z] > git remote --verbose [2ms]
[2022-08-22T15:45:38.062Z] > git config --get commit.template [2ms]
[2022-08-22T15:45:43.085Z] > git symbolic-ref --short HEAD [2ms]
[2022-08-22T15:45:43.091Z] > git for-each-ref --format=%(refname)%00%(upstream:short)%00%(objectname)%00%(upstream:track) refs/heads/main refs/remotes/main [2ms]
[2022-08-22T15:45:43.103Z] > git for-each-ref --sort -committerdate --format %(refname) %(objectname) %(*objectname) [7ms]
[2022-08-22T15:45:43.104Z] > git remote --verbose [2ms]
[2022-08-22T15:45:43.112Z] > git config --get commit.template [1ms]
[2022-08-22T15:45:51.873Z] > git symbolic-ref --short HEAD [1ms]
[2022-08-22T15:45:51.882Z] > git for-each-ref --format=%(refname)%00%(upstream:short)%00%(objectname)%00%(upstream:track) refs/heads/main refs/remotes/main [1ms]
[2022-08-22T15:45:51.899Z] > git for-each-ref --sort -committerdate --format %(refname) %(objectname) %(*objectname) [8ms]
[2022-08-22T15:45:51.900Z] > git remote --verbose [3ms]
[2022-08-22T15:45:51.910Z] > git config --get commit.template [1ms]
[2022-08-22T15:45:53.563Z] > git ls-files --stage -- /var/www/html/officework/Cue/index.html [2ms]
[2022-08-22T15:45:53.570Z] > git cat-file -s 37ef67662d7287ed14df88c480d237f99307b8fe [2ms]
[2022-08-22T15:45:56.930Z] > git symbolic-ref --short HEAD [1ms]
[2022-08-22T15:45:56.936Z] > git for-each-ref --format=%(refname)%00%(upstream:short)%00%(objectname)%00%(upstream:track) refs/heads/main refs/remotes/main [2ms]
[2022-08-22T15:45:56.947Z] > git for-each-ref --sort -committerdate --format %(refname) %(objectname) %(*objectname) [6ms]
[2022-08-22T15:45:56.947Z] > git remote --verbose [2ms]
[2022-08-22T15:45:56.955Z] > git config --get commit.template [2ms]
[2022-08-22T15:46:11.764Z] > git symbolic-ref --short HEAD [1ms]
[2022-08-22T15:46:11.773Z] > git for-each-ref --format=%(refname)%00%(upstream:short)%00%(objectname)%00%(upstream:track) refs/heads/main refs/remotes/main [3ms]
[2022-08-22T15:46:11.789Z] > git for-each-ref --sort -committerdate --format %(refname) %(objectname) %(*objectname) [8ms]
[2022-08-22T15:46:11.789Z] > git remote --verbose [2ms]
[2022-08-22T15:46:11.801Z] > git config --get commit.template [1ms]
[2022-08-22T15:46:16.828Z] > git symbolic-ref --short HEAD [1ms]
[2022-08-22T15:46:16.836Z] > git for-each-ref --format=%(refname)%00%(upstream:short)%00%(objectname)%00%(upstream:track) refs/heads/main refs/remotes/main [2ms]
[2022-08-22T15:46:16.849Z] > git for-each-ref --sort -committerdate --format %(refname) %(objectname) %(*objectname) [7ms]
[2022-08-22T15:46:16.849Z] > git remote --verbose [1ms]
[2022-08-22T15:46:16.857Z] > git config --get commit.template [1ms]
[2022-08-22T15:46:21.883Z] > git symbolic-ref --short HEAD [2ms]
[2022-08-22T15:46:21.890Z] > git for-each-ref --format=%(refname)%00%(upstream:short)%00%(objectname)%00%(upstream:track) refs/heads/main refs/remotes/main [2ms]
[2022-08-22T15:46:21.903Z] > git for-each-ref --sort -committerdate --format %(refname) %(objectname) %(*objectname) [6ms]
[2022-08-22T15:46:21.903Z] > git remote --verbose [1ms]
[2022-08-22T15:46:21.910Z] > git config --get commit.template [1ms]
[2022-08-22T15:46:26.931Z] > git symbolic-ref --short HEAD [2ms]
[2022-08-22T15:46:26.938Z] > git for-each-ref --format=%(refname)%00%(upstream:short)%00%(objectname)%00%(upstream:track) refs/heads/main refs/remotes/main [1ms]
[2022-08-22T15:46:26.949Z] > git for-each-ref --sort -committerdate --format %(refname) %(objectname) %(*objectname) [6ms]
[2022-08-22T15:46:26.950Z] > git remote --verbose [2ms]
[2022-08-22T15:46:26.960Z] > git config --get commit.template [2ms]
[2022-08-22T15:46:31.985Z] > git symbolic-ref --short HEAD [2ms]
[2022-08-22T15:46:31.992Z] > git for-each-ref --format=%(refname)%00%(upstream:short)%00%(objectname)%00%(upstream:track) refs/heads/main refs/remotes/main [2ms]
[2022-08-22T15:46:32.005Z] > git for-each-ref --sort -committerdate --format %(refname) %(objectname) %(*objectname) [6ms]
[2022-08-22T15:46:32.006Z] > git remote --verbose [2ms]
[2022-08-22T15:46:32.015Z] > git config --get commit.template [2ms]
[2022-08-22T15:46:37.040Z] > git symbolic-ref --short HEAD [1ms]
[2022-08-22T15:46:37.047Z] > git for-each-ref --format=%(refname)%00%(upstream:short)%00%(objectname)%00%(upstream:track) refs/heads/main refs/remotes/main [1ms]
[2022-08-22T15:46:37.059Z] > git for-each-ref --sort -committerdate --format %(refname) %(objectname) %(*objectname) [6ms]
[2022-08-22T15:46:37.059Z] > git remote --verbose [1ms]
[2022-08-22T15:46:37.067Z] > git config --get commit.template [1ms]
[2022-08-22T15:46:42.092Z] > git symbolic-ref --short HEAD [2ms]
[2022-08-22T15:46:42.099Z] > git for-each-ref --format=%(refname)%00%(upstream:short)%00%(objectname)%00%(upstream:track) refs/heads/main refs/remotes/main [1ms]
[2022-08-22T15:46:42.112Z] > git for-each-ref --sort -committerdate --format %(refname) %(objectname) %(*objectname) [8ms]
[2022-08-22T15:46:42.112Z] > git remote --verbose [3ms]
[2022-08-22T15:46:42.123Z] > git config --get commit.template [2ms]
[2022-08-22T15:46:52.175Z] > git symbolic-ref --short HEAD [1ms]
[2022-08-22T15:46:52.183Z] > git for-each-ref --format=%(refname)%00%(upstream:short)%00%(objectname)%00%(upstream:track) refs/heads/main refs/remotes/main [1ms]
[2022-08-22T15:46:52.196Z] > git for-each-ref --sort -committerdate --format %(refname) %(objectname) %(*objectname) [7ms]
[2022-08-22T15:46:52.196Z] > git remote --verbose [1ms]
[2022-08-22T15:46:52.210Z] > git config --get commit.template [2ms]
[2022-08-22T15:46:57.234Z] > git symbolic-ref --short HEAD [1ms]
[2022-08-22T15:46:57.243Z] > git for-each-ref --format=%(refname)%00%(upstream:short)%00%(objectname)%00%(upstream:track) refs/heads/main refs/remotes/main [2ms]
[2022-08-22T15:46:57.255Z] > git for-each-ref --sort -committerdate --format %(refname) %(objectname) %(*objectname) [6ms]
[2022-08-22T15:46:57.255Z] > git remote --verbose [1ms]
[2022-08-22T15:46:57.264Z] > git config --get commit.template [2ms]
[2022-08-22T15:47:02.288Z] > git symbolic-ref --short HEAD [2ms]
[2022-08-22T15:47:02.294Z] > git for-each-ref --format=%(refname)%00%(upstream:short)%00%(objectname)%00%(upstream:track) refs/heads/main refs/remotes/main [1ms]
[2022-08-22T15:47:02.308Z] > git for-each-ref --sort -committerdate --format %(refname) %(objectname) %(*objectname) [7ms]
[2022-08-22T15:47:02.309Z] > git remote --verbose [2ms]
[2022-08-22T15:47:02.317Z] > git config --get commit.template [1ms]
[2022-08-22T15:47:07.595Z] > git symbolic-ref --short HEAD [2ms]
[2022-08-22T15:47:07.602Z] > git for-each-ref --format=%(refname)%00%(upstream:short)%00%(objectname)%00%(upstream:track) refs/heads/main refs/remotes/main [1ms]
[2022-08-22T15:47:07.618Z] > git for-each-ref --sort -committerdate --format %(refname) %(objectname) %(*objectname) [8ms]
[2022-08-22T15:47:07.621Z] > git remote --verbose [5ms]
[2022-08-22T15:47:07.633Z] > git config --get commit.template [2ms]
[2022-08-22T15:47:12.660Z] > git symbolic-ref --short HEAD [1ms]
[2022-08-22T15:47:12.668Z] > git for-each-ref --format=%(refname)%00%(upstream:short)%00%(objectname)%00%(upstream:track) refs/heads/main refs/remotes/main [2ms]
[2022-08-22T15:47:12.680Z] > git for-each-ref --sort -committerdate --format %(refname) %(objectname) %(*objectname) [6ms]
[2022-08-22T15:47:12.680Z] > git remote --verbose [1ms]
[2022-08-22T15:47:12.688Z] > git config --get commit.template [1ms]
[2022-08-22T15:47:17.711Z] > git symbolic-ref --short HEAD [1ms]
[2022-08-22T15:47:17.718Z] > git for-each-ref --format=%(refname)%00%(upstream:short)%00%(objectname)%00%(upstream:track) refs/heads/main refs/remotes/main [2ms]
[2022-08-22T15:47:17.730Z] > git for-each-ref --sort -committerdate --format %(refname) %(objectname) %(*objectname) [7ms]
[2022-08-22T15:47:17.730Z] > git remote --verbose [1ms]
[2022-08-22T15:47:17.741Z] > git config --get commit.template [2ms]
[2022-08-22T15:47:32.318Z] > git symbolic-ref --short HEAD [4ms]
[2022-08-22T15:47:32.338Z] > git for-each-ref --format=%(refname)%00%(upstream:short)%00%(objectname)%00%(upstream:track) refs/heads/main refs/remotes/main [2ms]
[2022-08-22T15:47:32.349Z] > git for-each-ref --sort -committerdate --format %(refname) %(objectname) %(*objectname) [6ms]
[2022-08-22T15:47:32.350Z] > git remote --verbose [2ms]
[2022-08-22T15:47:32.362Z] > git config --get commit.template [2ms]
[2022-08-22T15:47:37.387Z] > git symbolic-ref --short HEAD [1ms]
[2022-08-22T15:47:37.395Z] > git for-each-ref --format=%(refname)%00%(upstream:short)%00%(objectname)%00%(upstream:track) refs/heads/main refs/remotes/main [1ms]
[2022-08-22T15:47:37.407Z] > git for-each-ref --sort -committerdate --format %(refname) %(objectname) %(*objectname) [5ms]
[2022-08-22T15:47:37.407Z] > git remote --verbose [1ms]
[2022-08-22T15:47:37.417Z] > git config --get commit.template [2ms]
[2022-08-22T15:47:42.443Z] > git symbolic-ref --short HEAD [2ms]
[2022-08-22T15:47:42.451Z] > git for-each-ref --format=%(refname)%00%(upstream:short)%00%(objectname)%00%(upstream:track) refs/heads/main refs/remotes/main [2ms]
[2022-08-22T15:47:42.467Z] > git for-each-ref --sort -committerdate --format %(refname) %(objectname) %(*objectname) [9ms]
[2022-08-22T15:47:42.467Z] > git remote --verbose [2ms]
[2022-08-22T15:47:42.482Z] > git config --get commit.template [5ms]
[2022-08-22T15:47:47.508Z] > git symbolic-ref --short HEAD [2ms]
[2022-08-22T15:47:47.516Z] > git for-each-ref --format=%(refname)%00%(upstream:short)%00%(objectname)%00%(upstream:track) refs/heads/main refs/remotes/main [3ms]
[2022-08-22T15:47:47.529Z] > git for-each-ref --sort -committerdate --format %(refname) %(objectname) %(*objectname) [7ms]
[2022-08-22T15:47:47.529Z] > git remote --verbose [1ms]
[2022-08-22T15:47:47.540Z] > git config --get commit.template [2ms]
[2022-08-22T15:47:52.564Z] > git symbolic-ref --short HEAD [2ms]
[2022-08-22T15:47:52.573Z] > git for-each-ref --format=%(refname)%00%(upstream:short)%00%(objectname)%00%(upstream:track) refs/heads/main refs/remotes/main [2ms]
[2022-08-22T15:47:52.587Z] > git for-each-ref --sort -committerdate --format %(refname) %(objectname) %(*objectname) [8ms]
[2022-08-22T15:47:52.588Z] > git remote --verbose [2ms]
[2022-08-22T15:47:52.599Z] > git config --get commit.template [3ms]
[2022-08-22T15:47:57.628Z] > git symbolic-ref --short HEAD [2ms]
[2022-08-22T15:47:57.634Z] > git for-each-ref --format=%(refname)%00%(upstream:short)%00%(objectname)%00%(upstream:track) refs/heads/main refs/remotes/main [1ms]
[2022-08-22T15:47:57.647Z] > git for-each-ref --sort -committerdate --format %(refname) %(objectname) %(*objectname) [7ms]
[2022-08-22T15:47:57.647Z] > git remote --verbose [1ms]
[2022-08-22T15:47:57.657Z] > git config --get commit.template [1ms]
[2022-08-22T15:48:02.681Z] > git symbolic-ref --short HEAD [1ms]
[2022-08-22T15:48:02.688Z] > git for-each-ref --format=%(refname)%00%(upstream:short)%00%(objectname)%00%(upstream:track) refs/heads/main refs/remotes/main [1ms]
[2022-08-22T15:48:02.700Z] > git for-each-ref --sort -committerdate --format %(refname) %(objectname) %(*objectname) [6ms]
[2022-08-22T15:48:02.701Z] > git remote --verbose [2ms]
[2022-08-22T15:48:02.716Z] > git config --get commit.template [3ms]
[2022-08-22T15:48:07.739Z] > git symbolic-ref --short HEAD [1ms]
[2022-08-22T15:48:07.747Z] > git for-each-ref --format=%(refname)%00%(upstream:short)%00%(objectname)%00%(upstream:track) refs/heads/main refs/remotes/main [2ms]
[2022-08-22T15:48:07.761Z] > git for-each-ref --sort -committerdate --format %(refname) %(objectname) %(*objectname) [8ms]
[2022-08-22T15:48:07.761Z] > git remote --verbose [1ms]
[2022-08-22T15:48:07.769Z] > git config --get commit.template [1ms]
[2022-08-22T15:48:12.791Z] > git symbolic-ref --short HEAD [2ms]
[2022-08-22T15:48:12.799Z] > git for-each-ref --format=%(refname)%00%(upstream:short)%00%(objectname)%00%(upstream:track) refs/heads/main refs/remotes/main [2ms]
[2022-08-22T15:48:12.810Z] > git for-each-ref --sort -committerdate --format %(refname) %(objectname) %(*objectname) [6ms]
[2022-08-22T15:48:12.810Z] > git remote --verbose [1ms]
[2022-08-22T15:48:12.819Z] > git config --get commit.template [1ms]
[2022-08-22T15:48:17.842Z] > git symbolic-ref --short HEAD [1ms]
[2022-08-22T15:48:17.848Z] > git for-each-ref --format=%(refname)%00%(upstream:short)%00%(objectname)%00%(upstream:track) refs/heads/main refs/remotes/main [1ms]
[2022-08-22T15:48:17.861Z] > git for-each-ref --sort -committerdate --format %(refname) %(objectname) %(*objectname) [6ms]
[2022-08-22T15:48:17.861Z] > git remote --verbose [1ms]
[2022-08-22T15:48:17.870Z] > git config --get commit.template [2ms]
[2022-08-22T15:48:22.897Z] > git symbolic-ref --short HEAD [1ms]
[2022-08-22T15:48:22.904Z] > git for-each-ref --format=%(refname)%00%(upstream:short)%00%(objectname)%00%(upstream:track) refs/heads/main refs/remotes/main [1ms]
[2022-08-22T15:48:22.917Z] > git for-each-ref --sort -committerdate --format %(refname) %(objectname) %(*objectname) [7ms]
[2022-08-22T15:48:22.917Z] > git remote --verbose [1ms]
[2022-08-22T15:48:22.925Z] > git config --get commit.template [1ms]
[2022-08-22T15:48:53.434Z] > git symbolic-ref --short HEAD [2ms]
[2022-08-22T15:48:53.446Z] > git for-each-ref --format=%(refname)%00%(upstream:short)%00%(objectname)%00%(upstream:track) refs/heads/main refs/remotes/main [3ms]
[2022-08-22T15:48:53.461Z] > git for-each-ref --sort -committerdate --format %(refname) %(objectname) %(*objectname) [9ms]
[2022-08-22T15:48:53.461Z] > git remote --verbose [1ms]
[2022-08-22T15:48:53.473Z] > git config --get commit.template [1ms]
[2022-08-22T15:48:55.014Z] > git ls-files --stage -- /var/www/html/officework/Cue/assets/style/style.css [1ms]
[2022-08-22T15:48:55.021Z] > git cat-file -s b22c8acaf0ea383277a7d4873d929733c4ee4028 [1ms]
[2022-08-22T15:48:58.495Z] > git symbolic-ref --short HEAD [1ms]
[2022-08-22T15:48:58.502Z] > git for-each-ref --format=%(refname)%00%(upstream:short)%00%(objectname)%00%(upstream:track) refs/heads/main refs/remotes/main [1ms]
[2022-08-22T15:48:58.516Z] > git for-each-ref --sort -committerdate --format %(refname) %(objectname) %(*objectname) [8ms]
[2022-08-22T15:48:58.517Z] > git remote --verbose [3ms]
[2022-08-22T15:48:58.526Z] > git config --get commit.template [1ms]
[2022-08-22T15:50:43.148Z] > git symbolic-ref --short HEAD [2ms]
[2022-08-22T15:50:43.156Z] > git for-each-ref --format=%(refname)%00%(upstream:short)%00%(objectname)%00%(upstream:track) refs/heads/main refs/remotes/main [2ms]
[2022-08-22T15:50:43.172Z] > git remote --verbose [1ms]
[2022-08-22T15:50:43.173Z] > git for-each-ref --sort -committerdate --format %(refname) %(objectname) %(*objectname) [10ms]
[2022-08-22T15:50:43.183Z] > git config --get commit.template [2ms]
[2022-08-22T15:50:45.183Z] > git ls-files --stage -- /var/www/html/officework/Cue/index.html [2ms]
[2022-08-22T15:50:45.190Z] > git cat-file -s 37ef67662d7287ed14df88c480d237f99307b8fe [1ms]
[2022-08-22T15:50:48.205Z] > git symbolic-ref --short HEAD [1ms]
[2022-08-22T15:50:48.211Z] > git for-each-ref --format=%(refname)%00%(upstream:short)%00%(objectname)%00%(upstream:track) refs/heads/main refs/remotes/main [1ms]
[2022-08-22T15:50:48.224Z] > git for-each-ref --sort -committerdate --format %(refname) %(objectname) %(*objectname) [7ms]
[2022-08-22T15:50:48.224Z] > git remote --verbose [2ms]
[2022-08-22T15:50:48.236Z] > git config --get commit.template [2ms]
[2022-08-22T15:50:53.263Z] > git symbolic-ref --short HEAD [3ms]
[2022-08-22T15:50:53.271Z] > git for-each-ref --format=%(refname)%00%(upstream:short)%00%(objectname)%00%(upstream:track) refs/heads/main refs/remotes/main [2ms]
[2022-08-22T15:50:53.282Z] > git for-each-ref --sort -committerdate --format %(refname) %(objectname) %(*objectname) [6ms]
[2022-08-22T15:50:53.283Z] > git remote --verbose [1ms]
[2022-08-22T15:50:53.290Z] > git config --get commit.template [1ms]
[2022-08-22T15:50:58.314Z] > git symbolic-ref --short HEAD [1ms]
[2022-08-22T15:50:58.320Z] > git for-each-ref --format=%(refname)%00%(upstream:short)%00%(objectname)%00%(upstream:track) refs/heads/main refs/remotes/main [1ms]
[2022-08-22T15:50:58.332Z] > git for-each-ref --sort -committerdate --format %(refname) %(objectname) %(*objectname) [7ms]
[2022-08-22T15:50:58.332Z] > git remote --verbose [1ms]
[2022-08-22T15:50:58.339Z] > git config --get commit.template [1ms]
[2022-08-22T15:51:03.367Z] > git symbolic-ref --short HEAD [1ms]
[2022-08-22T15:51:03.374Z] > git for-each-ref --format=%(refname)%00%(upstream:short)%00%(objectname)%00%(upstream:track) refs/heads/main refs/remotes/main [1ms]
[2022-08-22T15:51:03.386Z] > git for-each-ref --sort -committerdate --format %(refname) %(objectname) %(*objectname) [7ms]
[2022-08-22T15:51:03.387Z] > git remote --verbose [2ms]
[2022-08-22T15:51:03.394Z] > git config --get commit.template [1ms]
[2022-08-22T15:51:08.418Z] > git symbolic-ref --short HEAD [1ms]
[2022-08-22T15:51:08.426Z] > git for-each-ref --format=%(refname)%00%(upstream:short)%00%(objectname)%00%(upstream:track) refs/heads/main refs/remotes/main [2ms]
[2022-08-22T15:51:08.437Z] > git for-each-ref --sort -committerdate --format %(refname) %(objectname) %(*objectname) [5ms]
[2022-08-22T15:51:08.438Z] > git remote --verbose [1ms]
[2022-08-22T15:51:08.447Z] > git config --get commit.template [3ms]
[2022-08-22T15:51:13.985Z] > git symbolic-ref --short HEAD [2ms]
[2022-08-22T15:51:13.995Z] > git for-each-ref --format=%(refname)%00%(upstream:short)%00%(objectname)%00%(upstream:track) refs/heads/main refs/remotes/main [3ms]
[2022-08-22T15:51:14.011Z] > git for-each-ref --sort -committerdate --format %(refname) %(objectname) %(*objectname) [10ms]
[2022-08-22T15:51:14.011Z] > git remote --verbose [1ms]
[2022-08-22T15:51:14.019Z] > git config --get commit.template [1ms]
