[Info  - 9:03:36 pm] Angular language server process ID: 4597
[Info  - 9:03:36 pm] Using typescript/lib/tsserverlibrary v4.6.4 from /root/.vscode/extensions/angular.ng-template-13.3.4/node_modules/typescript/lib/tsserverlibrary.js
[Info  - 9:03:36 pm] Using @angular/language-service v13.3.8 from /root/.vscode/extensions/angular.ng-template-13.3.4/node_modules/@angular/language-service/index.js
[Info  - 9:03:36 pm] Logging is turned off. To enable, run command 'Open Angular server log'.
[Error - 9:03:38 pm] No config file for /var/www/html/officework/Cue/index.html
[Error - 9:03:39 pm] No config file for /var/www/html/officework/Cue/index.html
[Error - 9:03:41 pm] No config file for /var/www/html/officework/Cue/index.html
[Error - 9:05:33 pm] No config file for /var/www/html/officework/Cue/index.html
[Error - 9:05:40 pm] No config file for /var/www/html/officework/Cue/index.html
[Error - 9:05:40 pm] No config file for /var/www/html/officework/Cue/index.html
[Error - 9:05:41 pm] No config file for /var/www/html/officework/Cue/index.html
[Error - 9:05:41 pm] No config file for /var/www/html/officework/Cue/index.html
[Error - 9:05:42 pm] No config file for /var/www/html/officework/Cue/index.html
[Error - 9:05:43 pm] No config file for /var/www/html/officework/Cue/index.html
[Error - 9:05:43 pm] No config file for /var/www/html/officework/Cue/index.html
[Error - 9:05:43 pm] No config file for /var/www/html/officework/Cue/index.html
[Error - 9:05:43 pm] No config file for /var/www/html/officework/Cue/index.html
[Error - 9:05:44 pm] No config file for /var/www/html/officework/Cue/index.html
[Error - 9:05:45 pm] No config file for /var/www/html/officework/Cue/index.html
[Error - 9:05:45 pm] No config file for /var/www/html/officework/Cue/index.html
[Error - 9:05:45 pm] No config file for /var/www/html/officework/Cue/index.html
[Error - 9:07:14 pm] No config file for /var/www/html/officework/Cue/index.html
[Error - 9:07:19 pm] No config file for /var/www/html/officework/Cue/index.html
[Error - 9:07:22 pm] No config file for /var/www/html/officework/Cue/index.html
[Error - 9:07:24 pm] No config file for /var/www/html/officework/Cue/index.html
[Error - 9:07:37 pm] No config file for /var/www/html/officework/Cue/index.html
[Error - 9:07:38 pm] No config file for /var/www/html/officework/Cue/index.html
[Error - 9:07:39 pm] No config file for /var/www/html/officework/Cue/index.html
[Error - 9:08:27 pm] No config file for /var/www/html/officework/Cue/index.html
[Error - 9:08:27 pm] No config file for /var/www/html/officework/Cue/index.html
[Error - 9:08:28 pm] No config file for /var/www/html/officework/Cue/index.html
[Error - 9:08:28 pm] No config file for /var/www/html/officework/Cue/index.html
[Error - 9:08:28 pm] No config file for /var/www/html/officework/Cue/index.html
[Error - 9:08:28 pm] No config file for /var/www/html/officework/Cue/index.html
[Error - 9:08:29 pm] No config file for /var/www/html/officework/Cue/index.html
[Error - 9:08:29 pm] No config file for /var/www/html/officework/Cue/index.html
[Error - 9:08:31 pm] No config file for /var/www/html/officework/Cue/index.html
[Error - 9:08:31 pm] No config file for /var/www/html/officework/Cue/index.html
[Error - 9:08:31 pm] No config file for /var/www/html/officework/Cue/index.html
[Error - 9:08:32 pm] No config file for /var/www/html/officework/Cue/index.html
[Error - 9:08:32 pm] No config file for /var/www/html/officework/Cue/index.html
[Error - 9:08:33 pm] No config file for /var/www/html/officework/Cue/index.html
[Error - 9:08:33 pm] No config file for /var/www/html/officework/Cue/index.html
[Error - 9:08:33 pm] No config file for /var/www/html/officework/Cue/index.html
[Error - 9:08:33 pm] No config file for /var/www/html/officework/Cue/index.html
[Error - 9:08:34 pm] No config file for /var/www/html/officework/Cue/index.html
[Error - 9:08:34 pm] No config file for /var/www/html/officework/Cue/index.html
[Error - 9:08:34 pm] No config file for /var/www/html/officework/Cue/index.html
[Error - 9:08:34 pm] No config file for /var/www/html/officework/Cue/index.html
[Error - 9:08:35 pm] No config file for /var/www/html/officework/Cue/index.html
[Error - 9:08:36 pm] No config file for /var/www/html/officework/Cue/index.html
[Error - 9:08:36 pm] No config file for /var/www/html/officework/Cue/index.html
[Error - 9:08:36 pm] No config file for /var/www/html/officework/Cue/index.html
[Error - 9:08:37 pm] No config file for /var/www/html/officework/Cue/index.html
[Error - 9:08:37 pm] No config file for /var/www/html/officework/Cue/index.html
[Error - 9:08:42 pm] No config file for /var/www/html/officework/Cue/index.html
[Error - 9:08:45 pm] No config file for /var/www/html/officework/Cue/index.html
[Error - 9:08:45 pm] No config file for /var/www/html/officework/Cue/index.html
[Error - 9:09:03 pm] No config file for /var/www/html/officework/Cue/index.html
[Error - 9:09:03 pm] No config file for /var/www/html/officework/Cue/index.html
[Error - 9:09:04 pm] No config file for /var/www/html/officework/Cue/index.html
[Error - 9:09:04 pm] No config file for /var/www/html/officework/Cue/index.html
[Error - 9:09:16 pm] No config file for /var/www/html/officework/Cue/index.html
[Error - 9:09:17 pm] No config file for /var/www/html/officework/Cue/index.html
[Error - 9:09:45 pm] No config file for /var/www/html/officework/Cue/index.html
[Error - 9:09:46 pm] No config file for /var/www/html/officework/Cue/index.html
[Error - 9:09:47 pm] No config file for /var/www/html/officework/Cue/index.html
[Error - 9:09:47 pm] No config file for /var/www/html/officework/Cue/index.html
[Error - 9:09:48 pm] No config file for /var/www/html/officework/Cue/index.html
[Error - 9:09:49 pm] No config file for /var/www/html/officework/Cue/index.html
[Error - 9:09:49 pm] No config file for /var/www/html/officework/Cue/index.html
[Error - 9:09:50 pm] No config file for /var/www/html/officework/Cue/index.html
[Error - 9:09:50 pm] No config file for /var/www/html/officework/Cue/index.html
[Error - 9:09:50 pm] No config file for /var/www/html/officework/Cue/index.html
[Error - 9:09:50 pm] No config file for /var/www/html/officework/Cue/index.html
[Error - 9:10:19 pm] No config file for /var/www/html/officework/Cue/index.html
[Error - 9:10:21 pm] No config file for /var/www/html/officework/Cue/index.html
[Error - 9:10:23 pm] No config file for /var/www/html/officework/Cue/index.html
[Error - 9:10:24 pm] No config file for /var/www/html/officework/Cue/index.html
[Error - 9:10:25 pm] No config file for /var/www/html/officework/Cue/index.html
[Error - 9:10:25 pm] No config file for /var/www/html/officework/Cue/index.html
[Error - 9:10:26 pm] No config file for /var/www/html/officework/Cue/index.html
[Error - 9:10:26 pm] No config file for /var/www/html/officework/Cue/index.html
[Error - 9:10:27 pm] No config file for /var/www/html/officework/Cue/index.html
[Error - 9:10:27 pm] No config file for /var/www/html/officework/Cue/index.html
[Error - 9:10:27 pm] No config file for /var/www/html/officework/Cue/index.html
[Error - 9:10:28 pm] No config file for /var/www/html/officework/Cue/index.html
[Error - 9:10:29 pm] No config file for /var/www/html/officework/Cue/index.html
[Error - 9:10:30 pm] No config file for /var/www/html/officework/Cue/index.html
[Error - 9:10:30 pm] No config file for /var/www/html/officework/Cue/index.html
[Error - 9:10:31 pm] No config file for /var/www/html/officework/Cue/index.html
[Error - 9:10:31 pm] No config file for /var/www/html/officework/Cue/index.html
[Error - 9:10:32 pm] No config file for /var/www/html/officework/Cue/index.html
[Error - 9:10:32 pm] No config file for /var/www/html/officework/Cue/index.html
[Error - 9:10:32 pm] No config file for /var/www/html/officework/Cue/index.html
[Error - 9:10:32 pm] No config file for /var/www/html/officework/Cue/index.html
[Error - 9:10:33 pm] No config file for /var/www/html/officework/Cue/index.html
[Error - 9:10:33 pm] No config file for /var/www/html/officework/Cue/index.html
[Error - 9:10:33 pm] No config file for /var/www/html/officework/Cue/index.html
[Error - 9:10:34 pm] No config file for /var/www/html/officework/Cue/index.html
[Error - 9:10:34 pm] No config file for /var/www/html/officework/Cue/index.html
[Error - 9:10:34 pm] No config file for /var/www/html/officework/Cue/index.html
[Error - 9:10:34 pm] No config file for /var/www/html/officework/Cue/index.html
[Error - 9:10:34 pm] No config file for /var/www/html/officework/Cue/index.html
[Error - 9:10:35 pm] No config file for /var/www/html/officework/Cue/index.html
[Error - 9:10:35 pm] No config file for /var/www/html/officework/Cue/index.html
[Error - 9:10:35 pm] No config file for /var/www/html/officework/Cue/index.html
[Error - 9:11:40 pm] No config file for /var/www/html/officework/Cue/index.html
[Error - 9:11:44 pm] No config file for /var/www/html/officework/Cue/index.html
[Error - 9:11:47 pm] No config file for /var/www/html/officework/Cue/index.html
[Error - 9:11:48 pm] No config file for /var/www/html/officework/Cue/index.html
[Error - 9:11:48 pm] No config file for /var/www/html/officework/Cue/index.html
[Error - 9:11:48 pm] No config file for /var/www/html/officework/Cue/index.html
[Error - 9:11:49 pm] No config file for /var/www/html/officework/Cue/index.html
[Error - 9:11:49 pm] No config file for /var/www/html/officework/Cue/index.html
[Error - 9:11:49 pm] No config file for /var/www/html/officework/Cue/index.html
[Error - 9:11:50 pm] No config file for /var/www/html/officework/Cue/index.html
[Error - 9:11:55 pm] No config file for /var/www/html/officework/Cue/index.html
[Error - 9:11:55 pm] No config file for /var/www/html/officework/Cue/index.html
[Error - 9:11:56 pm] No config file for /var/www/html/officework/Cue/index.html
[Error - 9:11:59 pm] No config file for /var/www/html/officework/Cue/index.html
[Error - 9:11:59 pm] No config file for /var/www/html/officework/Cue/index.html
[Error - 9:11:59 pm] No config file for /var/www/html/officework/Cue/index.html
[Error - 9:11:59 pm] No config file for /var/www/html/officework/Cue/index.html
[Error - 9:11:59 pm] No config file for /var/www/html/officework/Cue/index.html
[Error - 9:12:00 pm] No config file for /var/www/html/officework/Cue/index.html
[Error - 9:12:00 pm] No config file for /var/www/html/officework/Cue/index.html
[Error - 9:12:00 pm] No config file for /var/www/html/officework/Cue/index.html
[Error - 9:12:01 pm] No config file for /var/www/html/officework/Cue/index.html
[Error - 9:12:01 pm] No config file for /var/www/html/officework/Cue/index.html
[Error - 9:12:01 pm] No config file for /var/www/html/officework/Cue/index.html
[Error - 9:12:02 pm] No config file for /var/www/html/officework/Cue/index.html
[Error - 9:12:03 pm] No config file for /var/www/html/officework/Cue/index.html
[Error - 9:12:04 pm] No config file for /var/www/html/officework/Cue/index.html
[Error - 9:12:05 pm] No config file for /var/www/html/officework/Cue/index.html
[Error - 9:12:05 pm] No config file for /var/www/html/officework/Cue/index.html
[Error - 9:12:05 pm] No config file for /var/www/html/officework/Cue/index.html
[Error - 9:12:06 pm] No config file for /var/www/html/officework/Cue/index.html
[Error - 9:12:06 pm] No config file for /var/www/html/officework/Cue/index.html
[Error - 9:12:06 pm] No config file for /var/www/html/officework/Cue/index.html
[Error - 9:12:06 pm] No config file for /var/www/html/officework/Cue/index.html
[Error - 9:12:07 pm] No config file for /var/www/html/officework/Cue/index.html
[Error - 9:12:08 pm] No config file for /var/www/html/officework/Cue/index.html
[Error - 9:12:08 pm] No config file for /var/www/html/officework/Cue/index.html
[Error - 9:12:08 pm] No config file for /var/www/html/officework/Cue/index.html
[Error - 9:12:09 pm] No config file for /var/www/html/officework/Cue/index.html
[Error - 9:12:09 pm] No config file for /var/www/html/officework/Cue/index.html
[Error - 9:12:12 pm] No config file for /var/www/html/officework/Cue/index.html
[Error - 9:12:13 pm] No config file for /var/www/html/officework/Cue/index.html
[Error - 9:12:13 pm] No config file for /var/www/html/officework/Cue/index.html
[Error - 9:12:19 pm] No config file for /var/www/html/officework/Cue/index.html
[Error - 9:12:22 pm] No config file for /var/www/html/officework/Cue/index.html
[Error - 9:12:23 pm] No config file for /var/www/html/officework/Cue/index.html
[Error - 9:12:24 pm] No config file for /var/www/html/officework/Cue/index.html
[Error - 9:12:24 pm] No config file for /var/www/html/officework/Cue/index.html
[Error - 9:12:24 pm] No config file for /var/www/html/officework/Cue/index.html
[Error - 9:12:25 pm] No config file for /var/www/html/officework/Cue/index.html
[Error - 9:12:26 pm] No config file for /var/www/html/officework/Cue/index.html
[Error - 9:12:27 pm] No config file for /var/www/html/officework/Cue/index.html
[Error - 9:12:27 pm] No config file for /var/www/html/officework/Cue/index.html
[Error - 9:12:27 pm] No config file for /var/www/html/officework/Cue/index.html
[Error - 9:12:27 pm] No config file for /var/www/html/officework/Cue/index.html
[Error - 9:12:27 pm] No config file for /var/www/html/officework/Cue/index.html
[Error - 9:12:28 pm] No config file for /var/www/html/officework/Cue/index.html
[Error - 9:12:28 pm] No config file for /var/www/html/officework/Cue/index.html
[Error - 9:12:28 pm] No config file for /var/www/html/officework/Cue/index.html
[Error - 9:12:28 pm] No config file for /var/www/html/officework/Cue/index.html
[Error - 9:12:29 pm] No config file for /var/www/html/officework/Cue/index.html
[Error - 9:12:49 pm] No config file for /var/www/html/officework/Cue/index.html
[Error - 9:12:51 pm] No config file for /var/www/html/officework/Cue/index.html
[Error - 9:12:52 pm] No config file for /var/www/html/officework/Cue/index.html
[Error - 9:12:54 pm] No config file for /var/www/html/officework/Cue/index.html
[Error - 9:12:54 pm] No config file for /var/www/html/officework/Cue/index.html
[Error - 9:13:33 pm] No config file for /var/www/html/officework/Cue/index.html
[Error - 9:13:41 pm] No config file for /var/www/html/officework/Cue/index.html
[Error - 9:13:42 pm] No config file for /var/www/html/officework/Cue/index.html
[Error - 9:13:43 pm] No config file for /var/www/html/officework/Cue/index.html
[Error - 9:13:45 pm] No config file for /var/www/html/officework/Cue/index.html
[Error - 9:13:45 pm] No config file for /var/www/html/officework/Cue/index.html
[Error - 9:13:45 pm] No config file for /var/www/html/officework/Cue/index.html
[Error - 9:13:45 pm] No config file for /var/www/html/officework/Cue/index.html
[Error - 9:13:46 pm] No config file for /var/www/html/officework/Cue/index.html
[Error - 9:13:46 pm] No config file for /var/www/html/officework/Cue/index.html
[Error - 9:13:53 pm] No config file for /var/www/html/officework/Cue/index.html
[Error - 9:13:53 pm] No config file for /var/www/html/officework/Cue/index.html
[Error - 9:13:54 pm] No config file for /var/www/html/officework/Cue/index.html
[Error - 9:13:54 pm] No config file for /var/www/html/officework/Cue/index.html
[Error - 9:13:54 pm] No config file for /var/www/html/officework/Cue/index.html
[Error - 9:13:54 pm] No config file for /var/www/html/officework/Cue/index.html
[Error - 9:13:55 pm] No config file for /var/www/html/officework/Cue/index.html
[Error - 9:13:55 pm] No config file for /var/www/html/officework/Cue/index.html
[Error - 9:13:55 pm] No config file for /var/www/html/officework/Cue/index.html
[Error - 9:13:55 pm] No config file for /var/www/html/officework/Cue/index.html
[Error - 9:13:55 pm] No config file for /var/www/html/officework/Cue/index.html
[Error - 9:13:56 pm] No config file for /var/www/html/officework/Cue/index.html
[Error - 9:13:56 pm] No config file for /var/www/html/officework/Cue/index.html
[Error - 9:13:56 pm] No config file for /var/www/html/officework/Cue/index.html
[Error - 9:13:56 pm] No config file for /var/www/html/officework/Cue/index.html
[Error - 9:13:57 pm] No config file for /var/www/html/officework/Cue/index.html
[Error - 9:13:59 pm] No config file for /var/www/html/officework/Cue/index.html
[Error - 9:13:59 pm] No config file for /var/www/html/officework/Cue/index.html
[Error - 9:14:01 pm] No config file for /var/www/html/officework/Cue/index.html
[Error - 9:14:14 pm] No config file for /var/www/html/officework/Cue/index.html
[Error - 9:15:12 pm] No config file for /var/www/html/officework/Cue/index.html
[Error - 9:15:14 pm] No config file for /var/www/html/officework/Cue/index.html
[Error - 9:15:14 pm] No config file for /var/www/html/officework/Cue/index.html
[Error - 9:15:15 pm] No config file for /var/www/html/officework/Cue/index.html
[Error - 9:15:16 pm] No config file for /var/www/html/officework/Cue/index.html
[Error - 9:15:16 pm] No config file for /var/www/html/officework/Cue/index.html
[Error - 9:15:16 pm] No config file for /var/www/html/officework/Cue/index.html
[Error - 9:15:16 pm] No config file for /var/www/html/officework/Cue/index.html
[Error - 9:15:16 pm] No config file for /var/www/html/officework/Cue/index.html
[Error - 9:15:17 pm] No config file for /var/www/html/officework/Cue/index.html
[Error - 9:15:18 pm] No config file for /var/www/html/officework/Cue/index.html
[Error - 9:15:53 pm] No config file for /var/www/html/officework/Cue/index.html
[Error - 9:15:56 pm] No config file for /var/www/html/officework/Cue/index.html
[Error - 9:15:56 pm] No config file for /var/www/html/officework/Cue/index.html
[Error - 9:15:57 pm] No config file for /var/www/html/officework/Cue/index.html
[Error - 9:15:57 pm] No config file for /var/www/html/officework/Cue/index.html
[Error - 9:15:57 pm] No config file for /var/www/html/officework/Cue/index.html
[Error - 9:15:58 pm] No config file for /var/www/html/officework/Cue/index.html
[Error - 9:15:58 pm] No config file for /var/www/html/officework/Cue/index.html
[Error - 9:15:58 pm] No config file for /var/www/html/officework/Cue/index.html
[Error - 9:15:58 pm] No config file for /var/www/html/officework/Cue/index.html
[Error - 9:15:59 pm] No config file for /var/www/html/officework/Cue/index.html
[Error - 9:15:59 pm] No config file for /var/www/html/officework/Cue/index.html
[Error - 9:15:59 pm] No config file for /var/www/html/officework/Cue/index.html
[Error - 9:16:11 pm] No config file for /var/www/html/officework/Cue/index.html
[Error - 9:16:19 pm] No config file for /var/www/html/officework/Cue/index.html
[Error - 9:16:19 pm] No config file for /var/www/html/officework/Cue/index.html
[Error - 9:16:22 pm] No config file for /var/www/html/officework/Cue/index.html
[Error - 9:16:25 pm] No config file for /var/www/html/officework/Cue/index.html
[Error - 9:16:27 pm] No config file for /var/www/html/officework/Cue/index.html
[Error - 9:16:27 pm] No config file for /var/www/html/officework/Cue/index.html
[Error - 9:16:31 pm] No config file for /var/www/html/officework/Cue/index.html
[Error - 9:16:31 pm] No config file for /var/www/html/officework/Cue/index.html
[Error - 9:16:35 pm] No config file for /var/www/html/officework/Cue/index.html
[Error - 9:16:35 pm] No config file for /var/www/html/officework/Cue/index.html
[Error - 9:16:40 pm] No config file for /var/www/html/officework/Cue/index.html
[Error - 9:16:40 pm] No config file for /var/www/html/officework/Cue/index.html
[Error - 9:16:41 pm] No config file for /var/www/html/officework/Cue/index.html
[Error - 9:16:41 pm] No config file for /var/www/html/officework/Cue/index.html
[Error - 9:16:41 pm] No config file for /var/www/html/officework/Cue/index.html
[Error - 9:16:41 pm] No config file for /var/www/html/officework/Cue/index.html
[Error - 9:16:41 pm] No config file for /var/www/html/officework/Cue/index.html
[Error - 9:16:41 pm] No config file for /var/www/html/officework/Cue/index.html
[Error - 9:16:42 pm] No config file for /var/www/html/officework/Cue/index.html
[Error - 9:16:42 pm] No config file for /var/www/html/officework/Cue/index.html
[Error - 9:16:52 pm] No config file for /var/www/html/officework/Cue/index.html
[Error - 9:16:58 pm] No config file for /var/www/html/officework/Cue/index.html
[Error - 9:16:59 pm] No config file for /var/www/html/officework/Cue/index.html
[Error - 9:16:59 pm] No config file for /var/www/html/officework/Cue/index.html
[Error - 9:16:59 pm] No config file for /var/www/html/officework/Cue/index.html
[Error - 9:17:03 pm] No config file for /var/www/html/officework/Cue/index.html
[Error - 9:17:03 pm] No config file for /var/www/html/officework/Cue/index.html
[Error - 9:17:03 pm] No config file for /var/www/html/officework/Cue/index.html
[Error - 9:17:03 pm] No config file for /var/www/html/officework/Cue/index.html
[Error - 9:17:04 pm] No config file for /var/www/html/officework/Cue/index.html
[Error - 9:17:04 pm] No config file for /var/www/html/officework/Cue/index.html
[Error - 9:17:04 pm] No config file for /var/www/html/officework/Cue/index.html
[Error - 9:17:04 pm] No config file for /var/www/html/officework/Cue/index.html
[Error - 9:17:05 pm] No config file for /var/www/html/officework/Cue/index.html
[Error - 9:17:05 pm] No config file for /var/www/html/officework/Cue/index.html
[Error - 9:17:06 pm] No config file for /var/www/html/officework/Cue/index.html
[Error - 9:17:06 pm] No config file for /var/www/html/officework/Cue/index.html
[Error - 9:17:22 pm] No config file for /var/www/html/officework/Cue/index.html
[Error - 9:17:26 pm] No config file for /var/www/html/officework/Cue/index.html
[Error - 9:17:27 pm] No config file for /var/www/html/officework/Cue/index.html
[Error - 9:17:27 pm] No config file for /var/www/html/officework/Cue/index.html
[Error - 9:17:28 pm] No config file for /var/www/html/officework/Cue/index.html
[Error - 9:17:28 pm] No config file for /var/www/html/officework/Cue/index.html
[Error - 9:17:28 pm] No config file for /var/www/html/officework/Cue/index.html
[Error - 9:17:29 pm] No config file for /var/www/html/officework/Cue/index.html
[Error - 9:17:29 pm] No config file for /var/www/html/officework/Cue/index.html
[Error - 9:17:29 pm] No config file for /var/www/html/officework/Cue/index.html
[Error - 9:17:29 pm] No config file for /var/www/html/officework/Cue/index.html
[Error - 9:17:29 pm] No config file for /var/www/html/officework/Cue/index.html
[Error - 9:18:02 pm] No config file for /var/www/html/officework/Cue/index.html
[Error - 9:18:04 pm] No config file for /var/www/html/officework/Cue/index.html
[Error - 9:18:06 pm] No config file for /var/www/html/officework/Cue/index.html
[Error - 9:18:09 pm] No config file for /var/www/html/officework/Cue/index.html
[Error - 9:18:53 pm] No config file for /var/www/html/officework/Cue/index.html
[Error - 9:20:45 pm] No config file for /var/www/html/officework/Cue/index.html
[Error - 9:21:00 pm] No config file for /var/www/html/officework/Cue/index.html
[Error - 9:21:01 pm] No config file for /var/www/html/officework/Cue/index.html
[Error - 9:21:01 pm] No config file for /var/www/html/officework/Cue/index.html
[Error - 9:21:02 pm] No config file for /var/www/html/officework/Cue/index.html
[Error - 9:21:03 pm] No config file for /var/www/html/officework/Cue/index.html
[Error - 9:21:03 pm] No config file for /var/www/html/officework/Cue/index.html
[Error - 9:21:04 pm] No config file for /var/www/html/officework/Cue/index.html
[Error - 9:21:04 pm] No config file for /var/www/html/officework/Cue/index.html
[Error - 9:21:04 pm] No config file for /var/www/html/officework/Cue/index.html
[Error - 9:21:04 pm] No config file for /var/www/html/officework/Cue/index.html
[Error - 9:21:04 pm] No config file for /var/www/html/officework/Cue/index.html
[Error - 9:21:05 pm] No config file for /var/www/html/officework/Cue/index.html
[Error - 9:21:05 pm] No config file for /var/www/html/officework/Cue/index.html
[Error - 9:21:05 pm] No config file for /var/www/html/officework/Cue/index.html
[Error - 9:21:08 pm] No config file for /var/www/html/officework/Cue/index.html
[Error - 9:21:08 pm] No config file for /var/www/html/officework/Cue/index.html
[Error - 9:21:09 pm] No config file for /var/www/html/officework/Cue/index.html
[Error - 9:21:09 pm] No config file for /var/www/html/officework/Cue/index.html
[Error - 9:21:09 pm] No config file for /var/www/html/officework/Cue/index.html
[Error - 9:21:09 pm] No config file for /var/www/html/officework/Cue/index.html
[Error - 9:21:10 pm] No config file for /var/www/html/officework/Cue/index.html
[Error - 9:21:10 pm] No config file for /var/www/html/officework/Cue/index.html
[Error - 9:21:10 pm] No config file for /var/www/html/officework/Cue/index.html
[Error - 9:21:10 pm] No config file for /var/www/html/officework/Cue/index.html
[Error - 9:21:11 pm] No config file for /var/www/html/officework/Cue/index.html
[Error - 9:21:11 pm] No config file for /var/www/html/officework/Cue/index.html
[Error - 9:21:11 pm] No config file for /var/www/html/officework/Cue/index.html
[Error - 9:21:11 pm] No config file for /var/www/html/officework/Cue/index.html
[Error - 9:21:12 pm] No config file for /var/www/html/officework/Cue/index.html
